<?xml version="1.0" encoding="UTF-8" standalone="yes"?><!DOCTYPE report PUBLIC "-//JACOCO//DTD Report 1.1//EN" "report.dtd"><report name="Aggregated Reports"><sessioninfo id="fv-az1205-662-5e2643e1" start="1742333615836" dump="1742333616710"/><group name="orders-service-api"><package name="io/oigres/ecomm/service/orders/model"><class name="io/oigres/ecomm/service/orders/model/BusinessApiException" sourcefilename="BusinessApiException.java"><method name="&lt;init&gt;" desc="()V" line="22"><counter type="INSTRUCTION" missed="3" covered="0"/><counter type="LINE" missed="1" covered="0"/><counter type="COMPLEXITY" missed="1" covered="0"/><counter type="METHOD" missed="1" covered="0"/></method><method name="&lt;init&gt;" desc="(Ljava/lang/String;)V" line="25"><counter type="INSTRUCTION" missed="4" covered="0"/><counter type="LINE" missed="2" covered="0"/><counter type="COMPLEXITY" missed="1" covered="0"/><counter type="METHOD" missed="1" covered="0"/></method><method name="&lt;init&gt;" desc="(Ljava/lang/String;Ljava/lang/Throwable;)V" line="29"><counter type="INSTRUCTION" missed="5" covered="0"/><counter type="LINE" missed="2" covered="0"/><counter type="COMPLEXITY" missed="1" covered="0"/><counter type="METHOD" missed="1" covered="0"/></method><method name="&lt;init&gt;" desc="(Ljava/lang/Throwable;)V" line="33"><counter type="INSTRUCTION" missed="4" covered="0"/><counter type="LINE" missed="2" covered="0"/><counter type="COMPLEXITY" missed="1" covered="0"/><counter type="METHOD" missed="1" covered="0"/></method><method name="&lt;init&gt;" desc="(Ljava/lang/String;Ljava/lang/Throwable;ZZ)V" line="38"><counter type="INSTRUCTION" missed="7" covered="0"/><counter type="LINE" missed="2" covered="0"/><counter type="COMPLEXITY" missed="1" covered="0"/><counter type="METHOD" missed="1" covered="0"/></method><counter type="INSTRUCTION" missed="23" covered="0"/><counter type="LINE" missed="9" covered="0"/><counter type="COMPLEXITY" missed="5" covered="0"/><counter type="METHOD" missed="5" covered="0"/><counter type="CLASS" missed="1" covered="0"/></class><class name="io/oigres/ecomm/service/orders/model/PageableRequest" sourcefilename="PageableRequest.java"><method name="unpaged" desc="()Lio/oigres/ecomm/service/orders/model/PageableRequest;" line="35"><counter type="INSTRUCTION" missed="2" covered="0"/><counter type="LINE" missed="1" covered="0"/><counter type="COMPLEXITY" missed="1" covered="0"/><counter type="METHOD" missed="1" covered="0"/></method><method name="ofSize" desc="(I)Lio/oigres/ecomm/service/orders/model/PageableRequest;" line="46"><counter type="INSTRUCTION" missed="4" covered="0"/><counter type="LINE" missed="1" covered="0"/><counter type="COMPLEXITY" missed="1" covered="0"/><counter type="METHOD" missed="1" covered="0"/></method><method name="isPaged" desc="()Z" line="55"><counter type="INSTRUCTION" missed="2" covered="0"/><counter type="LINE" missed="1" covered="0"/><counter type="COMPLEXITY" missed="1" covered="0"/><counter type="METHOD" missed="1" covered="0"/></method><method name="isUnpaged" desc="()Z" line="64"><counter type="INSTRUCTION" missed="7" covered="0"/><counter type="BRANCH" missed="2" covered="0"/><counter type="LINE" missed="1" covered="0"/><counter type="COMPLEXITY" missed="2" covered="0"/><counter type="METHOD" missed="1" covered="0"/></method><method name="getSortOr" desc="(Lio/oigres/ecomm/service/orders/model/SortRequest;)Lio/oigres/ecomm/service/orders/model/SortRequest;" line="102"><counter type="INSTRUCTION" missed="9" covered="0"/><counter type="BRANCH" missed="2" covered="0"/><counter type="LINE" missed="1" covered="0"/><counter type="COMPLEXITY" missed="2" covered="0"/><counter type="METHOD" missed="1" covered="0"/></method><method name="toOptional" desc="()Ljava/util/Optional;" line="149"><counter type="INSTRUCTION" missed="8" covered="0"/><counter type="BRANCH" missed="2" covered="0"/><counter type="LINE" missed="1" covered="0"/><counter type="COMPLEXITY" missed="2" covered="0"/><counter type="METHOD" missed="1" covered="0"/></method><counter type="INSTRUCTION" missed="32" covered="0"/><counter type="BRANCH" missed="6" covered="0"/><counter type="LINE" missed="6" covered="0"/><counter type="COMPLEXITY" missed="9" covered="0"/><counter type="METHOD" missed="6" covered="0"/><counter type="CLASS" missed="1" covered="0"/></class><class name="io/oigres/ecomm/service/orders/model/NoStockException" sourcefilename="NoStockException.java"><method name="&lt;init&gt;" desc="()V" line="21"><counter type="INSTRUCTION" missed="3" covered="0"/><counter type="LINE" missed="1" covered="0"/><counter type="COMPLEXITY" missed="1" covered="0"/><counter type="METHOD" missed="1" covered="0"/></method><method name="&lt;init&gt;" desc="(Ljava/lang/String;)V" line="24"><counter type="INSTRUCTION" missed="4" covered="0"/><counter type="LINE" missed="2" covered="0"/><counter type="COMPLEXITY" missed="1" covered="0"/><counter type="METHOD" missed="1" covered="0"/></method><counter type="INSTRUCTION" missed="7" covered="0"/><counter type="LINE" missed="3" covered="0"/><counter type="COMPLEXITY" missed="2" covered="0"/><counter type="METHOD" missed="2" covered="0"/><counter type="CLASS" missed="1" covered="0"/></class><class name="io/oigres/ecomm/service/orders/model/SortRequest" sourcefilename="SortRequest.java"><method name="&lt;init&gt;" desc="()V" line="45"><counter type="INSTRUCTION" missed="4" covered="0"/><counter type="LINE" missed="2" covered="0"/><counter type="COMPLEXITY" missed="1" covered="0"/><counter type="METHOD" missed="1" covered="0"/></method><method name="&lt;init&gt;" desc="(Ljava/util/List;)V" line="48"><counter type="INSTRUCTION" missed="7" covered="0"/><counter type="LINE" missed="3" covered="0"/><counter type="COMPLEXITY" missed="1" covered="0"/><counter type="METHOD" missed="1" covered="0"/></method><method name="&lt;init&gt;" desc="(Lio/oigres/ecomm/service/orders/model/SortRequest$Direction;Ljava/util/List;)V" line="58"><counter type="INSTRUCTION" missed="23" covered="0"/><counter type="BRANCH" missed="4" covered="0"/><counter type="LINE" missed="8" covered="0"/><counter type="COMPLEXITY" missed="3" covered="0"/><counter type="METHOD" missed="1" covered="0"/></method><method name="by" desc="([Ljava/lang/String;)Lio/oigres/ecomm/service/orders/model/SortRequest;" line="77"><counter type="INSTRUCTION" missed="12" covered="0"/><counter type="BRANCH" missed="2" covered="0"/><counter type="LINE" missed="3" covered="0"/><counter type="COMPLEXITY" missed="2" covered="0"/><counter type="METHOD" missed="1" covered="0"/></method><method name="by" desc="(Ljava/util/List;)Lio/oigres/ecomm/service/orders/model/SortRequest;" line="89"><counter type="INSTRUCTION" missed="10" covered="0"/><counter type="BRANCH" missed="2" covered="0"/><counter type="LINE" missed="1" covered="0"/><counter type="COMPLEXITY" missed="2" covered="0"/><counter type="METHOD" missed="1" covered="0"/></method><method name="by" desc="([Lio/oigres/ecomm/service/orders/model/SortRequest$Order;)Lio/oigres/ecomm/service/orders/model/SortRequest;" line="99"><counter type="INSTRUCTION" missed="6" covered="0"/><counter type="LINE" missed="1" covered="0"/><counter type="COMPLEXITY" missed="1" covered="0"/><counter type="METHOD" missed="1" covered="0"/></method><method name="by" desc="(Lio/oigres/ecomm/service/orders/model/SortRequest$Direction;[Ljava/lang/String;)Lio/oigres/ecomm/service/orders/model/SortRequest;" line="110"><counter type="INSTRUCTION" missed="10" covered="0"/><counter type="LINE" missed="4" covered="0"/><counter type="COMPLEXITY" missed="1" covered="0"/><counter type="METHOD" missed="1" covered="0"/></method><method name="unsorted" desc="()Lio/oigres/ecomm/service/orders/model/SortRequest;" line="122"><counter type="INSTRUCTION" missed="2" covered="0"/><counter type="LINE" missed="1" covered="0"/><counter type="COMPLEXITY" missed="1" covered="0"/><counter type="METHOD" missed="1" covered="0"/></method><method name="descending" desc="()Lio/oigres/ecomm/service/orders/model/SortRequest;" line="131"><counter type="INSTRUCTION" missed="4" covered="0"/><counter type="LINE" missed="1" covered="0"/><counter type="COMPLEXITY" missed="1" covered="0"/><counter type="METHOD" missed="1" covered="0"/></method><method name="ascending" desc="()Lio/oigres/ecomm/service/orders/model/SortRequest;" line="140"><counter type="INSTRUCTION" missed="4" covered="0"/><counter type="LINE" missed="1" covered="0"/><counter type="COMPLEXITY" missed="1" covered="0"/><counter type="METHOD" missed="1" covered="0"/></method><method name="isSorted" desc="()Z" line="144"><counter type="INSTRUCTION" missed="7" covered="0"/><counter type="BRANCH" missed="2" covered="0"/><counter type="LINE" missed="1" covered="0"/><counter type="COMPLEXITY" missed="2" covered="0"/><counter type="METHOD" missed="1" covered="0"/></method><method name="isEmpty" desc="()Z" line="148"><counter type="INSTRUCTION" missed="4" covered="0"/><counter type="LINE" missed="1" covered="0"/><counter type="COMPLEXITY" missed="1" covered="0"/><counter type="METHOD" missed="1" covered="0"/></method><method name="isUnsorted" desc="()Z" line="152"><counter type="INSTRUCTION" missed="7" covered="0"/><counter type="BRANCH" missed="2" covered="0"/><counter type="LINE" missed="1" covered="0"/><counter type="COMPLEXITY" missed="2" covered="0"/><counter type="METHOD" missed="1" covered="0"/></method><method name="getOrders" desc="()Ljava/util/List;" line="156"><counter type="INSTRUCTION" missed="4" covered="0"/><counter type="LINE" missed="1" covered="0"/><counter type="COMPLEXITY" missed="1" covered="0"/><counter type="METHOD" missed="1" covered="0"/></method><method name="and" desc="(Lio/oigres/ecomm/service/orders/model/SortRequest;)Lio/oigres/ecomm/service/orders/model/SortRequest;" line="160"><counter type="INSTRUCTION" missed="25" covered="0"/><counter type="BRANCH" missed="2" covered="0"/><counter type="LINE" missed="5" covered="0"/><counter type="COMPLEXITY" missed="2" covered="0"/><counter type="METHOD" missed="1" covered="0"/></method><method name="withDirection" desc="(Lio/oigres/ecomm/service/orders/model/SortRequest$Direction;)Lio/oigres/ecomm/service/orders/model/SortRequest;" line="177"><counter type="INSTRUCTION" missed="11" covered="0"/><counter type="LINE" missed="2" covered="0"/><counter type="COMPLEXITY" missed="1" covered="0"/><counter type="METHOD" missed="1" covered="0"/></method><method name="lambda$withDirection$2" desc="(Lio/oigres/ecomm/service/orders/model/SortRequest$Direction;Lio/oigres/ecomm/service/orders/model/SortRequest$Order;)Lio/oigres/ecomm/service/orders/model/SortRequest$Order;" line="178"><counter type="INSTRUCTION" missed="4" covered="0"/><counter type="LINE" missed="1" covered="0"/><counter type="COMPLEXITY" missed="1" covered="0"/><counter type="METHOD" missed="1" covered="0"/></method><method name="lambda$by$1" desc="(Lio/oigres/ecomm/service/orders/model/SortRequest$Direction;Ljava/lang/String;)Lio/oigres/ecomm/service/orders/model/SortRequest$Order;" line="112"><counter type="INSTRUCTION" missed="6" covered="0"/><counter type="LINE" missed="1" covered="0"/><counter type="COMPLEXITY" missed="1" covered="0"/><counter type="METHOD" missed="1" covered="0"/></method><method name="lambda$new$0" desc="(Lio/oigres/ecomm/service/orders/model/SortRequest$Direction;Ljava/lang/String;)Lio/oigres/ecomm/service/orders/model/SortRequest$Order;" line="66"><counter type="INSTRUCTION" missed="6" covered="0"/><counter type="LINE" missed="1" covered="0"/><counter type="COMPLEXITY" missed="1" covered="0"/><counter type="METHOD" missed="1" covered="0"/></method><method name="&lt;clinit&gt;" desc="()V" line="38"><counter type="INSTRUCTION" missed="7" covered="0"/><counter type="LINE" missed="2" covered="0"/><counter type="COMPLEXITY" missed="1" covered="0"/><counter type="METHOD" missed="1" covered="0"/></method><counter type="INSTRUCTION" missed="163" covered="0"/><counter type="BRANCH" missed="14" covered="0"/><counter type="LINE" missed="38" covered="0"/><counter type="COMPLEXITY" missed="27" covered="0"/><counter type="METHOD" missed="20" covered="0"/><counter type="CLASS" missed="1" covered="0"/></class><class name="io/oigres/ecomm/service/orders/model/ChunkResponse" sourcefilename="ChunkResponse.java"><method name="&lt;init&gt;" desc="(Ljava/util/List;Lio/oigres/ecomm/service/orders/model/PageableRequest;)V" line="33"><counter type="INSTRUCTION" missed="16" covered="0"/><counter type="LINE" missed="5" covered="0"/><counter type="COMPLEXITY" missed="1" covered="0"/><counter type="METHOD" missed="1" covered="0"/></method><method name="getNumber" desc="()I" line="52"><counter type="INSTRUCTION" missed="10" covered="0"/><counter type="BRANCH" missed="2" covered="0"/><counter type="LINE" missed="1" covered="0"/><counter type="COMPLEXITY" missed="2" covered="0"/><counter type="METHOD" missed="1" covered="0"/></method><method name="getSize" desc="()I" line="60"><counter type="INSTRUCTION" missed="12" covered="0"/><counter type="BRANCH" missed="2" covered="0"/><counter type="LINE" missed="1" covered="0"/><counter type="COMPLEXITY" missed="2" covered="0"/><counter type="METHOD" missed="1" covered="0"/></method><method name="getNumberOfElements" desc="()I" line="68"><counter type="INSTRUCTION" missed="4" covered="0"/><counter type="LINE" missed="1" covered="0"/><counter type="COMPLEXITY" missed="1" covered="0"/><counter type="METHOD" missed="1" covered="0"/></method><method name="hasPrevious" desc="()Z" line="76"><counter type="INSTRUCTION" missed="7" covered="0"/><counter type="BRANCH" missed="2" covered="0"/><counter type="LINE" missed="1" covered="0"/><counter type="COMPLEXITY" missed="2" covered="0"/><counter type="METHOD" missed="1" covered="0"/></method><method name="isFirst" desc="()Z" line="84"><counter type="INSTRUCTION" missed="7" covered="0"/><counter type="BRANCH" missed="2" covered="0"/><counter type="LINE" missed="1" covered="0"/><counter type="COMPLEXITY" missed="2" covered="0"/><counter type="METHOD" missed="1" covered="0"/></method><method name="isLast" desc="()Z" line="92"><counter type="INSTRUCTION" missed="7" covered="0"/><counter type="BRANCH" missed="2" covered="0"/><counter type="LINE" missed="1" covered="0"/><counter type="COMPLEXITY" missed="2" covered="0"/><counter type="METHOD" missed="1" covered="0"/></method><method name="nextPageable" desc="()Lio/oigres/ecomm/service/orders/model/PageableRequest;" line="100"><counter type="INSTRUCTION" missed="9" covered="0"/><counter type="BRANCH" missed="2" covered="0"/><counter type="LINE" missed="1" covered="0"/><counter type="COMPLEXITY" missed="2" covered="0"/><counter type="METHOD" missed="1" covered="0"/></method><method name="previousPageable" desc="()Lio/oigres/ecomm/service/orders/model/PageableRequest;" line="108"><counter type="INSTRUCTION" missed="9" covered="0"/><counter type="BRANCH" missed="2" covered="0"/><counter type="LINE" missed="1" covered="0"/><counter type="COMPLEXITY" missed="2" covered="0"/><counter type="METHOD" missed="1" covered="0"/></method><method name="hasContent" desc="()Z" line="116"><counter type="INSTRUCTION" missed="8" covered="0"/><counter type="BRANCH" missed="2" covered="0"/><counter type="LINE" missed="1" covered="0"/><counter type="COMPLEXITY" missed="2" covered="0"/><counter type="METHOD" missed="1" covered="0"/></method><method name="getContent" desc="()Ljava/util/List;" line="124"><counter type="INSTRUCTION" missed="4" covered="0"/><counter type="LINE" missed="1" covered="0"/><counter type="COMPLEXITY" missed="1" covered="0"/><counter type="METHOD" missed="1" covered="0"/></method><method name="getPageable" desc="()Lio/oigres/ecomm/service/orders/model/PageableRequest;" line="133"><counter type="INSTRUCTION" missed="3" covered="0"/><counter type="LINE" missed="1" covered="0"/><counter type="COMPLEXITY" missed="1" covered="0"/><counter type="METHOD" missed="1" covered="0"/></method><method name="getSort" desc="()Lio/oigres/ecomm/service/orders/model/SortRequest;" line="142"><counter type="INSTRUCTION" missed="4" covered="0"/><counter type="LINE" missed="1" covered="0"/><counter type="COMPLEXITY" missed="1" covered="0"/><counter type="METHOD" missed="1" covered="0"/></method><method name="equals" desc="(Ljava/lang/Object;)Z" line="152"><counter type="INSTRUCTION" missed="33" covered="0"/><counter type="BRANCH" missed="8" covered="0"/><counter type="LINE" missed="8" covered="0"/><counter type="COMPLEXITY" missed="5" covered="0"/><counter type="METHOD" missed="1" covered="0"/></method><method name="hashCode" desc="()I" line="175"><counter type="INSTRUCTION" missed="20" covered="0"/><counter type="LINE" missed="4" covered="0"/><counter type="COMPLEXITY" missed="1" covered="0"/><counter type="METHOD" missed="1" covered="0"/></method><counter type="INSTRUCTION" missed="153" covered="0"/><counter type="BRANCH" missed="24" covered="0"/><counter type="LINE" missed="29" covered="0"/><counter type="COMPLEXITY" missed="27" covered="0"/><counter type="METHOD" missed="15" covered="0"/><counter type="CLASS" missed="1" covered="0"/></class><class name="io/oigres/ecomm/service/orders/model/PageResponseImpl" sourcefilename="PageResponseImpl.java"><method name="&lt;init&gt;" desc="(Ljava/util/List;Lio/oigres/ecomm/service/orders/model/PageableRequest;J)V" line="45"><counter type="INSTRUCTION" missed="23" covered="0"/><counter type="LINE" missed="8" covered="0"/><counter type="COMPLEXITY" missed="1" covered="0"/><counter type="METHOD" missed="1" covered="0"/></method><method name="&lt;init&gt;" desc="(Ljava/util/List;)V" line="63"><counter type="INSTRUCTION" missed="13" covered="0"/><counter type="BRANCH" missed="2" covered="0"/><counter type="LINE" missed="2" covered="0"/><counter type="COMPLEXITY" missed="2" covered="0"/><counter type="METHOD" missed="1" covered="0"/></method><method name="getTotalPages" desc="()I" line="72"><counter type="INSTRUCTION" missed="15" covered="0"/><counter type="BRANCH" missed="2" covered="0"/><counter type="LINE" missed="1" covered="0"/><counter type="COMPLEXITY" missed="2" covered="0"/><counter type="METHOD" missed="1" covered="0"/></method><method name="getTotalElements" desc="()J" line="81"><counter type="INSTRUCTION" missed="3" covered="0"/><counter type="LINE" missed="1" covered="0"/><counter type="COMPLEXITY" missed="1" covered="0"/><counter type="METHOD" missed="1" covered="0"/></method><method name="hasNext" desc="()Z" line="90"><counter type="INSTRUCTION" missed="11" covered="0"/><counter type="BRANCH" missed="2" covered="0"/><counter type="LINE" missed="1" covered="0"/><counter type="COMPLEXITY" missed="2" covered="0"/><counter type="METHOD" missed="1" covered="0"/></method><method name="isLast" desc="()Z" line="99"><counter type="INSTRUCTION" missed="7" covered="0"/><counter type="BRANCH" missed="2" covered="0"/><counter type="LINE" missed="1" covered="0"/><counter type="COMPLEXITY" missed="2" covered="0"/><counter type="METHOD" missed="1" covered="0"/></method><method name="toString" desc="()Ljava/lang/String;" line="109"><counter type="INSTRUCTION" missed="41" covered="0"/><counter type="BRANCH" missed="4" covered="0"/><counter type="LINE" missed="6" covered="0"/><counter type="COMPLEXITY" missed="3" covered="0"/><counter type="METHOD" missed="1" covered="0"/></method><method name="equals" desc="(Ljava/lang/Object;)Z" line="127"><counter type="INSTRUCTION" missed="27" covered="0"/><counter type="BRANCH" missed="8" covered="0"/><counter type="LINE" missed="6" covered="0"/><counter type="COMPLEXITY" missed="5" covered="0"/><counter type="METHOD" missed="1" covered="0"/></method><method name="hashCode" desc="()I" line="147"><counter type="INSTRUCTION" missed="24" covered="0"/><counter type="LINE" missed="4" covered="0"/><counter type="COMPLEXITY" missed="1" covered="0"/><counter type="METHOD" missed="1" covered="0"/></method><method name="lambda$new$2" desc="(Ljava/util/List;Lio/oigres/ecomm/service/orders/model/PageableRequest;)Ljava/lang/Long;" line="52"><counter type="INSTRUCTION" missed="8" covered="0"/><counter type="LINE" missed="1" covered="0"/><counter type="COMPLEXITY" missed="1" covered="0"/><counter type="METHOD" missed="1" covered="0"/></method><method name="lambda$new$1" desc="(JLio/oigres/ecomm/service/orders/model/PageableRequest;)Z" line="51"><counter type="INSTRUCTION" missed="13" covered="0"/><counter type="BRANCH" missed="2" covered="0"/><counter type="LINE" missed="1" covered="0"/><counter type="COMPLEXITY" missed="2" covered="0"/><counter type="METHOD" missed="1" covered="0"/></method><method name="lambda$new$0" desc="(Ljava/util/List;Lio/oigres/ecomm/service/orders/model/PageableRequest;)Z" line="50"><counter type="INSTRUCTION" missed="7" covered="0"/><counter type="BRANCH" missed="2" covered="0"/><counter type="LINE" missed="1" covered="0"/><counter type="COMPLEXITY" missed="2" covered="0"/><counter type="METHOD" missed="1" covered="0"/></method><counter type="INSTRUCTION" missed="192" covered="0"/><counter type="BRANCH" missed="24" covered="0"/><counter type="LINE" missed="30" covered="0"/><counter type="COMPLEXITY" missed="24" covered="0"/><counter type="METHOD" missed="12" covered="0"/><counter type="CLASS" missed="1" covered="0"/></class><class name="io/oigres/ecomm/service/orders/model/CreateCartException" sourcefilename="CreateCartException.java"><method name="&lt;init&gt;" desc="()V" line="21"><counter type="INSTRUCTION" missed="3" covered="0"/><counter type="LINE" missed="1" covered="0"/><counter type="COMPLEXITY" missed="1" covered="0"/><counter type="METHOD" missed="1" covered="0"/></method><method name="&lt;init&gt;" desc="(Ljava/lang/String;)V" line="24"><counter type="INSTRUCTION" missed="4" covered="0"/><counter type="LINE" missed="2" covered="0"/><counter type="COMPLEXITY" missed="1" covered="0"/><counter type="METHOD" missed="1" covered="0"/></method><counter type="INSTRUCTION" missed="7" covered="0"/><counter type="LINE" missed="3" covered="0"/><counter type="COMPLEXITY" missed="2" covered="0"/><counter type="METHOD" missed="2" covered="0"/><counter type="CLASS" missed="1" covered="0"/></class><class name="io/oigres/ecomm/service/orders/model/SliceResponse" sourcefilename="SliceResponse.java"><method name="getPageable" desc="()Lio/oigres/ecomm/service/orders/model/PageableRequest;" line="108"><counter type="INSTRUCTION" missed="8" covered="0"/><counter type="LINE" missed="1" covered="0"/><counter type="COMPLEXITY" missed="1" covered="0"/><counter type="METHOD" missed="1" covered="0"/></method><method name="nextOrLastPageable" desc="()Lio/oigres/ecomm/service/orders/model/PageableRequest;" line="138"><counter type="INSTRUCTION" missed="9" covered="0"/><counter type="BRANCH" missed="2" covered="0"/><counter type="LINE" missed="1" covered="0"/><counter type="COMPLEXITY" missed="2" covered="0"/><counter type="METHOD" missed="1" covered="0"/></method><method name="previousOrFirstPageable" desc="()Lio/oigres/ecomm/service/orders/model/PageableRequest;" line="149"><counter type="INSTRUCTION" missed="9" covered="0"/><counter type="BRANCH" missed="2" covered="0"/><counter type="LINE" missed="1" covered="0"/><counter type="COMPLEXITY" missed="2" covered="0"/><counter type="METHOD" missed="1" covered="0"/></method><counter type="INSTRUCTION" missed="26" covered="0"/><counter type="BRANCH" missed="4" covered="0"/><counter type="LINE" missed="3" covered="0"/><counter type="COMPLEXITY" missed="5" covered="0"/><counter type="METHOD" missed="3" covered="0"/><counter type="CLASS" missed="1" covered="0"/></class><class name="io/oigres/ecomm/service/orders/model/JacksonPageableRequestImpl" sourcefilename="JacksonPageableRequestImpl.java"><method name="&lt;init&gt;" desc="(II)V" line="31"><counter type="INSTRUCTION" missed="6" covered="0"/><counter type="LINE" missed="2" covered="0"/><counter type="COMPLEXITY" missed="1" covered="0"/><counter type="METHOD" missed="1" covered="0"/></method><counter type="INSTRUCTION" missed="6" covered="0"/><counter type="LINE" missed="2" covered="0"/><counter type="COMPLEXITY" missed="1" covered="0"/><counter type="METHOD" missed="1" covered="0"/><counter type="CLASS" missed="1" covered="0"/></class><class name="io/oigres/ecomm/service/orders/model/StockTimeOutException" sourcefilename="StockTimeOutException.java"><method name="&lt;init&gt;" desc="()V" line="21"><counter type="INSTRUCTION" missed="3" covered="0"/><counter type="LINE" missed="1" covered="0"/><counter type="COMPLEXITY" missed="1" covered="0"/><counter type="METHOD" missed="1" covered="0"/></method><method name="&lt;init&gt;" desc="(Ljava/lang/String;)V" line="24"><counter type="INSTRUCTION" missed="4" covered="0"/><counter type="LINE" missed="2" covered="0"/><counter type="COMPLEXITY" missed="1" covered="0"/><counter type="METHOD" missed="1" covered="0"/></method><counter type="INSTRUCTION" missed="7" covered="0"/><counter type="LINE" missed="3" covered="0"/><counter type="COMPLEXITY" missed="2" covered="0"/><counter type="METHOD" missed="2" covered="0"/><counter type="CLASS" missed="1" covered="0"/></class><class name="io/oigres/ecomm/service/orders/model/NotFoundException" sourcefilename="NotFoundException.java"><method name="&lt;init&gt;" desc="()V" line="21"><counter type="INSTRUCTION" missed="3" covered="0"/><counter type="LINE" missed="1" covered="0"/><counter type="COMPLEXITY" missed="1" covered="0"/><counter type="METHOD" missed="1" covered="0"/></method><method name="&lt;init&gt;" desc="(Ljava/lang/String;)V" line="24"><counter type="INSTRUCTION" missed="4" covered="0"/><counter type="LINE" missed="2" covered="0"/><counter type="COMPLEXITY" missed="1" covered="0"/><counter type="METHOD" missed="1" covered="0"/></method><counter type="INSTRUCTION" missed="7" covered="0"/><counter type="LINE" missed="3" covered="0"/><counter type="COMPLEXITY" missed="2" covered="0"/><counter type="METHOD" missed="2" covered="0"/><counter type="CLASS" missed="1" covered="0"/></class><class name="io/oigres/ecomm/service/orders/model/SortRequest$Order" sourcefilename="SortRequest.java"><method name="&lt;init&gt;" desc="(Lio/oigres/ecomm/service/orders/model/SortRequest$Direction;Ljava/lang/String;)V" line="298"><counter type="INSTRUCTION" missed="7" covered="0"/><counter type="LINE" missed="2" covered="0"/><counter type="COMPLEXITY" missed="1" covered="0"/><counter type="METHOD" missed="1" covered="0"/></method><method name="&lt;init&gt;" desc="(Lio/oigres/ecomm/service/orders/model/SortRequest$Direction;Ljava/lang/String;Lio/oigres/ecomm/service/orders/model/SortRequest$NullHandling;)V" line="310"><counter type="INSTRUCTION" missed="7" covered="0"/><counter type="LINE" missed="2" covered="0"/><counter type="COMPLEXITY" missed="1" covered="0"/><counter type="METHOD" missed="1" covered="0"/></method><method name="by" desc="(Ljava/lang/String;)Lio/oigres/ecomm/service/orders/model/SortRequest$Order;" line="321"><counter type="INSTRUCTION" missed="6" covered="0"/><counter type="LINE" missed="1" covered="0"/><counter type="COMPLEXITY" missed="1" covered="0"/><counter type="METHOD" missed="1" covered="0"/></method><method name="asc" desc="(Ljava/lang/String;)Lio/oigres/ecomm/service/orders/model/SortRequest$Order;" line="332"><counter type="INSTRUCTION" missed="7" covered="0"/><counter type="LINE" missed="1" covered="0"/><counter type="COMPLEXITY" missed="1" covered="0"/><counter type="METHOD" missed="1" covered="0"/></method><method name="desc" desc="(Ljava/lang/String;)Lio/oigres/ecomm/service/orders/model/SortRequest$Order;" line="343"><counter type="INSTRUCTION" missed="7" covered="0"/><counter type="LINE" missed="1" covered="0"/><counter type="COMPLEXITY" missed="1" covered="0"/><counter type="METHOD" missed="1" covered="0"/></method><method name="&lt;init&gt;" desc="(Lio/oigres/ecomm/service/orders/model/SortRequest$Direction;Ljava/lang/String;ZLio/oigres/ecomm/service/orders/model/SortRequest$NullHandling;)V" line="357"><counter type="INSTRUCTION" missed="30" covered="0"/><counter type="BRANCH" missed="6" covered="0"/><counter type="LINE" missed="8" covered="0"/><counter type="COMPLEXITY" missed="4" covered="0"/><counter type="METHOD" missed="1" covered="0"/></method><method name="getDirection" desc="()Lio/oigres/ecomm/service/orders/model/SortRequest$Direction;" line="375"><counter type="INSTRUCTION" missed="3" covered="0"/><counter type="LINE" missed="1" covered="0"/><counter type="COMPLEXITY" missed="1" covered="0"/><counter type="METHOD" missed="1" covered="0"/></method><method name="getProperty" desc="()Ljava/lang/String;" line="384"><counter type="INSTRUCTION" missed="3" covered="0"/><counter type="LINE" missed="1" covered="0"/><counter type="COMPLEXITY" missed="1" covered="0"/><counter type="METHOD" missed="1" covered="0"/></method><method name="isAscending" desc="()Z" line="393"><counter type="INSTRUCTION" missed="4" covered="0"/><counter type="LINE" missed="1" covered="0"/><counter type="COMPLEXITY" missed="1" covered="0"/><counter type="METHOD" missed="1" covered="0"/></method><method name="isDescending" desc="()Z" line="403"><counter type="INSTRUCTION" missed="4" covered="0"/><counter type="LINE" missed="1" covered="0"/><counter type="COMPLEXITY" missed="1" covered="0"/><counter type="METHOD" missed="1" covered="0"/></method><method name="isIgnoreCase" desc="()Z" line="412"><counter type="INSTRUCTION" missed="3" covered="0"/><counter type="LINE" missed="1" covered="0"/><counter type="COMPLEXITY" missed="1" covered="0"/><counter type="METHOD" missed="1" covered="0"/></method><method name="with" desc="(Lio/oigres/ecomm/service/orders/model/SortRequest$Direction;)Lio/oigres/ecomm/service/orders/model/SortRequest$Order;" line="422"><counter type="INSTRUCTION" missed="11" covered="0"/><counter type="LINE" missed="1" covered="0"/><counter type="COMPLEXITY" missed="1" covered="0"/><counter type="METHOD" missed="1" covered="0"/></method><method name="withProperty" desc="(Ljava/lang/String;)Lio/oigres/ecomm/service/orders/model/SortRequest$Order;" line="433"><counter type="INSTRUCTION" missed="11" covered="0"/><counter type="LINE" missed="1" covered="0"/><counter type="COMPLEXITY" missed="1" covered="0"/><counter type="METHOD" missed="1" covered="0"/></method><method name="withProperties" desc="([Ljava/lang/String;)Lio/oigres/ecomm/service/orders/model/SortRequest;" line="443"><counter type="INSTRUCTION" missed="5" covered="0"/><counter type="LINE" missed="1" covered="0"/><counter type="COMPLEXITY" missed="1" covered="0"/><counter type="METHOD" missed="1" covered="0"/></method><method name="ignoreCase" desc="()Lio/oigres/ecomm/service/orders/model/SortRequest$Order;" line="452"><counter type="INSTRUCTION" missed="11" covered="0"/><counter type="LINE" missed="1" covered="0"/><counter type="COMPLEXITY" missed="1" covered="0"/><counter type="METHOD" missed="1" covered="0"/></method><method name="with" desc="(Lio/oigres/ecomm/service/orders/model/SortRequest$NullHandling;)Lio/oigres/ecomm/service/orders/model/SortRequest$Order;" line="463"><counter type="INSTRUCTION" missed="11" covered="0"/><counter type="LINE" missed="1" covered="0"/><counter type="COMPLEXITY" missed="1" covered="0"/><counter type="METHOD" missed="1" covered="0"/></method><method name="nullsFirst" desc="()Lio/oigres/ecomm/service/orders/model/SortRequest$Order;" line="473"><counter type="INSTRUCTION" missed="4" covered="0"/><counter type="LINE" missed="1" covered="0"/><counter type="COMPLEXITY" missed="1" covered="0"/><counter type="METHOD" missed="1" covered="0"/></method><method name="nullsLast" desc="()Lio/oigres/ecomm/service/orders/model/SortRequest$Order;" line="483"><counter type="INSTRUCTION" missed="4" covered="0"/><counter type="LINE" missed="1" covered="0"/><counter type="COMPLEXITY" missed="1" covered="0"/><counter type="METHOD" missed="1" covered="0"/></method><method name="nullsNative" desc="()Lio/oigres/ecomm/service/orders/model/SortRequest$Order;" line="493"><counter type="INSTRUCTION" missed="4" covered="0"/><counter type="LINE" missed="1" covered="0"/><counter type="COMPLEXITY" missed="1" covered="0"/><counter type="METHOD" missed="1" covered="0"/></method><method name="getNullHandling" desc="()Lio/oigres/ecomm/service/orders/model/SortRequest$NullHandling;" line="503"><counter type="INSTRUCTION" missed="3" covered="0"/><counter type="LINE" missed="1" covered="0"/><counter type="COMPLEXITY" missed="1" covered="0"/><counter type="METHOD" missed="1" covered="0"/></method><method name="hashCode" desc="()I" line="513"><counter type="INSTRUCTION" missed="39" covered="0"/><counter type="BRANCH" missed="2" covered="0"/><counter type="LINE" missed="6" covered="0"/><counter type="COMPLEXITY" missed="2" covered="0"/><counter type="METHOD" missed="1" covered="0"/></method><method name="equals" desc="(Ljava/lang/Object;)Z" line="530"><counter type="INSTRUCTION" missed="40" covered="0"/><counter type="BRANCH" missed="12" covered="0"/><counter type="LINE" missed="8" covered="0"/><counter type="COMPLEXITY" missed="7" covered="0"/><counter type="METHOD" missed="1" covered="0"/></method><method name="toString" desc="()Ljava/lang/String;" line="553"><counter type="INSTRUCTION" missed="34" covered="0"/><counter type="BRANCH" missed="4" covered="0"/><counter type="LINE" missed="6" covered="0"/><counter type="COMPLEXITY" missed="3" covered="0"/><counter type="METHOD" missed="1" covered="0"/></method><method name="&lt;clinit&gt;" desc="()V" line="283"><counter type="INSTRUCTION" missed="3" covered="0"/><counter type="LINE" missed="1" covered="0"/><counter type="COMPLEXITY" missed="1" covered="0"/><counter type="METHOD" missed="1" covered="0"/></method><counter type="INSTRUCTION" missed="261" covered="0"/><counter type="BRANCH" missed="24" covered="0"/><counter type="LINE" missed="50" covered="0"/><counter type="COMPLEXITY" missed="36" covered="0"/><counter type="METHOD" missed="24" covered="0"/><counter type="CLASS" missed="1" covered="0"/></class><class name="io/oigres/ecomm/service/orders/model/JacksonPageImpl" sourcefilename="JacksonPageImpl.java"><method name="&lt;init&gt;" desc="(Ljava/util/List;Lio/oigres/ecomm/service/orders/model/JacksonPageableRequestImpl;J)V" line="36"><counter type="INSTRUCTION" missed="6" covered="0"/><counter type="LINE" missed="2" covered="0"/><counter type="COMPLEXITY" missed="1" covered="0"/><counter type="METHOD" missed="1" covered="0"/></method><counter type="INSTRUCTION" missed="6" covered="0"/><counter type="LINE" missed="2" covered="0"/><counter type="COMPLEXITY" missed="1" covered="0"/><counter type="METHOD" missed="1" covered="0"/><counter type="CLASS" missed="1" covered="0"/></class><class name="io/oigres/ecomm/service/orders/model/AbstractPageableRequest" sourcefilename="AbstractPageableRequest.java"><method name="&lt;init&gt;" desc="(II)V" line="42"><counter type="INSTRUCTION" missed="24" covered="0"/><counter type="BRANCH" missed="4" covered="0"/><counter type="LINE" missed="8" covered="0"/><counter type="COMPLEXITY" missed="3" covered="0"/><counter type="METHOD" missed="1" covered="0"/></method><method name="getPageSize" desc="()I" line="61"><counter type="INSTRUCTION" missed="3" covered="0"/><counter type="LINE" missed="1" covered="0"/><counter type="COMPLEXITY" missed="1" covered="0"/><counter type="METHOD" missed="1" covered="0"/></method><method name="getPageNumber" desc="()I" line="69"><counter type="INSTRUCTION" missed="3" covered="0"/><counter type="LINE" missed="1" covered="0"/><counter type="COMPLEXITY" missed="1" covered="0"/><counter type="METHOD" missed="1" covered="0"/></method><method name="getOffset" desc="()J" line="77"><counter type="INSTRUCTION" missed="8" covered="0"/><counter type="LINE" missed="1" covered="0"/><counter type="COMPLEXITY" missed="1" covered="0"/><counter type="METHOD" missed="1" covered="0"/></method><method name="hasPrevious" desc="()Z" line="85"><counter type="INSTRUCTION" missed="7" covered="0"/><counter type="BRANCH" missed="2" covered="0"/><counter type="LINE" missed="1" covered="0"/><counter type="COMPLEXITY" missed="2" covered="0"/><counter type="METHOD" missed="1" covered="0"/></method><method name="previousOrFirst" desc="()Lio/oigres/ecomm/service/orders/model/PageableRequest;" line="93"><counter type="INSTRUCTION" missed="9" covered="0"/><counter type="BRANCH" missed="2" covered="0"/><counter type="LINE" missed="1" covered="0"/><counter type="COMPLEXITY" missed="2" covered="0"/><counter type="METHOD" missed="1" covered="0"/></method><method name="hashCode" desc="()I" line="122"><counter type="INSTRUCTION" missed="20" covered="0"/><counter type="LINE" missed="5" covered="0"/><counter type="COMPLEXITY" missed="1" covered="0"/><counter type="METHOD" missed="1" covered="0"/></method><method name="equals" desc="(Ljava/lang/Object;)Z" line="138"><counter type="INSTRUCTION" missed="31" covered="0"/><counter type="BRANCH" missed="10" covered="0"/><counter type="LINE" missed="6" covered="0"/><counter type="COMPLEXITY" missed="6" covered="0"/><counter type="METHOD" missed="1" covered="0"/></method><counter type="INSTRUCTION" missed="105" covered="0"/><counter type="BRANCH" missed="18" covered="0"/><counter type="LINE" missed="24" covered="0"/><counter type="COMPLEXITY" missed="17" covered="0"/><counter type="METHOD" missed="8" covered="0"/><counter type="CLASS" missed="1" covered="0"/></class><class name="io/oigres/ecomm/service/orders/model/SortRequest$NullHandling" sourcefilename="SortRequest.java"><method name="&lt;clinit&gt;" desc="()V" line="254"><counter type="INSTRUCTION" missed="21" covered="0"/><counter type="LINE" missed="4" covered="0"/><counter type="COMPLEXITY" missed="1" covered="0"/><counter type="METHOD" missed="1" covered="0"/></method><counter type="INSTRUCTION" missed="21" covered="0"/><counter type="LINE" missed="4" covered="0"/><counter type="COMPLEXITY" missed="1" covered="0"/><counter type="METHOD" missed="1" covered="0"/><counter type="CLASS" missed="1" covered="0"/></class><class name="io/oigres/ecomm/service/orders/model/SortRequest$Direction" sourcefilename="SortRequest.java"><method name="isAscending" desc="()Z" line="197"><counter type="INSTRUCTION" missed="4" covered="0"/><counter type="LINE" missed="1" covered="0"/><counter type="COMPLEXITY" missed="1" covered="0"/><counter type="METHOD" missed="1" covered="0"/></method><method name="isDescending" desc="()Z" line="207"><counter type="INSTRUCTION" missed="4" covered="0"/><counter type="LINE" missed="1" covered="0"/><counter type="COMPLEXITY" missed="1" covered="0"/><counter type="METHOD" missed="1" covered="0"/></method><method name="fromString" desc="(Ljava/lang/String;)Lio/oigres/ecomm/service/orders/model/SortRequest$Direction;" line="220"><counter type="INSTRUCTION" missed="19" covered="0"/><counter type="LINE" missed="4" covered="0"/><counter type="COMPLEXITY" missed="1" covered="0"/><counter type="METHOD" missed="1" covered="0"/></method><method name="fromOptionalString" desc="(Ljava/lang/String;)Ljava/util/Optional;" line="241"><counter type="INSTRUCTION" missed="7" covered="0"/><counter type="LINE" missed="3" covered="0"/><counter type="COMPLEXITY" missed="1" covered="0"/><counter type="METHOD" missed="1" covered="0"/></method><method name="&lt;clinit&gt;" desc="()V" line="186"><counter type="INSTRUCTION" missed="15" covered="0"/><counter type="LINE" missed="3" covered="0"/><counter type="COMPLEXITY" missed="1" covered="0"/><counter type="METHOD" missed="1" covered="0"/></method><counter type="INSTRUCTION" missed="49" covered="0"/><counter type="LINE" missed="12" covered="0"/><counter type="COMPLEXITY" missed="5" covered="0"/><counter type="METHOD" missed="5" covered="0"/><counter type="CLASS" missed="1" covered="0"/></class><class name="io/oigres/ecomm/service/orders/model/PageResponse" sourcefilename="PageResponse.java"><method name="empty" desc="()Lio/oigres/ecomm/service/orders/model/PageResponse;" line="38"><counter type="INSTRUCTION" missed="3" covered="0"/><counter type="LINE" missed="1" covered="0"/><counter type="COMPLEXITY" missed="1" covered="0"/><counter type="METHOD" missed="1" covered="0"/></method><method name="empty" desc="(Lio/oigres/ecomm/service/orders/model/PageableRequest;)Lio/oigres/ecomm/service/orders/model/PageResponse;" line="49"><counter type="INSTRUCTION" missed="7" covered="0"/><counter type="LINE" missed="1" covered="0"/><counter type="COMPLEXITY" missed="1" covered="0"/><counter type="METHOD" missed="1" covered="0"/></method><counter type="INSTRUCTION" missed="10" covered="0"/><counter type="LINE" missed="2" covered="0"/><counter type="COMPLEXITY" missed="2" covered="0"/><counter type="METHOD" missed="2" covered="0"/><counter type="CLASS" missed="1" covered="0"/></class><class name="io/oigres/ecomm/service/orders/model/UnpagedRequest" sourcefilename="UnpagedRequest.java"><method name="isPaged" desc="()Z" line="34"><counter type="INSTRUCTION" missed="2" covered="0"/><counter type="LINE" missed="1" covered="0"/><counter type="COMPLEXITY" missed="1" covered="0"/><counter type="METHOD" missed="1" covered="0"/></method><method name="previousOrFirst" desc="()Lio/oigres/ecomm/service/orders/model/PageableRequest;" line="43"><counter type="INSTRUCTION" missed="2" covered="0"/><counter type="LINE" missed="1" covered="0"/><counter type="COMPLEXITY" missed="1" covered="0"/><counter type="METHOD" missed="1" covered="0"/></method><method name="next" desc="()Lio/oigres/ecomm/service/orders/model/PageableRequest;" line="52"><counter type="INSTRUCTION" missed="2" covered="0"/><counter type="LINE" missed="1" covered="0"/><counter type="COMPLEXITY" missed="1" covered="0"/><counter type="METHOD" missed="1" covered="0"/></method><method name="hasPrevious" desc="()Z" line="61"><counter type="INSTRUCTION" missed="2" covered="0"/><counter type="LINE" missed="1" covered="0"/><counter type="COMPLEXITY" missed="1" covered="0"/><counter type="METHOD" missed="1" covered="0"/></method><method name="getSort" desc="()Lio/oigres/ecomm/service/orders/model/SortRequest;" line="70"><counter type="INSTRUCTION" missed="2" covered="0"/><counter type="LINE" missed="1" covered="0"/><counter type="COMPLEXITY" missed="1" covered="0"/><counter type="METHOD" missed="1" covered="0"/></method><method name="getPageSize" desc="()I" line="79"><counter type="INSTRUCTION" missed="4" covered="0"/><counter type="LINE" missed="1" covered="0"/><counter type="COMPLEXITY" missed="1" covered="0"/><counter type="METHOD" missed="1" covered="0"/></method><method name="getPageNumber" desc="()I" line="88"><counter type="INSTRUCTION" missed="4" covered="0"/><counter type="LINE" missed="1" covered="0"/><counter type="COMPLEXITY" missed="1" covered="0"/><counter type="METHOD" missed="1" covered="0"/></method><method name="getOffset" desc="()J" line="97"><counter type="INSTRUCTION" missed="4" covered="0"/><counter type="LINE" missed="1" covered="0"/><counter type="COMPLEXITY" missed="1" covered="0"/><counter type="METHOD" missed="1" covered="0"/></method><method name="first" desc="()Lio/oigres/ecomm/service/orders/model/PageableRequest;" line="106"><counter type="INSTRUCTION" missed="2" covered="0"/><counter type="LINE" missed="1" covered="0"/><counter type="COMPLEXITY" missed="1" covered="0"/><counter type="METHOD" missed="1" covered="0"/></method><method name="withPage" desc="(I)Lio/oigres/ecomm/service/orders/model/PageableRequest;" line="116"><counter type="INSTRUCTION" missed="8" covered="0"/><counter type="BRANCH" missed="2" covered="0"/><counter type="LINE" missed="3" covered="0"/><counter type="COMPLEXITY" missed="2" covered="0"/><counter type="METHOD" missed="1" covered="0"/></method><method name="&lt;clinit&gt;" desc="()V" line="25"><counter type="INSTRUCTION" missed="9" covered="0"/><counter type="LINE" missed="2" covered="0"/><counter type="COMPLEXITY" missed="1" covered="0"/><counter type="METHOD" missed="1" covered="0"/></method><counter type="INSTRUCTION" missed="41" covered="0"/><counter type="BRANCH" missed="2" covered="0"/><counter type="LINE" missed="14" covered="0"/><counter type="COMPLEXITY" missed="12" covered="0"/><counter type="METHOD" missed="11" covered="0"/><counter type="CLASS" missed="1" covered="0"/></class><class name="io/oigres/ecomm/service/orders/model/PageableRequestImpl" sourcefilename="PageableRequestImpl.java"><method name="&lt;init&gt;" desc="(IILio/oigres/ecomm/service/orders/model/SortRequest;)V" line="41"><counter type="INSTRUCTION" missed="8" covered="0"/><counter type="LINE" missed="3" covered="0"/><counter type="COMPLEXITY" missed="1" covered="0"/><counter type="METHOD" missed="1" covered="0"/></method><method name="of" desc="(II)Lio/oigres/ecomm/service/orders/model/PageableRequestImpl;" line="53"><counter type="INSTRUCTION" missed="5" covered="0"/><counter type="LINE" missed="1" covered="0"/><counter type="COMPLEXITY" missed="1" covered="0"/><counter type="METHOD" missed="1" covered="0"/></method><method name="of" desc="(IILio/oigres/ecomm/service/orders/model/SortRequest;)Lio/oigres/ecomm/service/orders/model/PageableRequestImpl;" line="65"><counter type="INSTRUCTION" missed="7" covered="0"/><counter type="LINE" missed="1" covered="0"/><counter type="COMPLEXITY" missed="1" covered="0"/><counter type="METHOD" missed="1" covered="0"/></method><method name="of" desc="(IILio/oigres/ecomm/service/orders/model/SortRequest$Direction;[Ljava/lang/String;)Lio/oigres/ecomm/service/orders/model/PageableRequestImpl;" line="79"><counter type="INSTRUCTION" missed="7" covered="0"/><counter type="LINE" missed="1" covered="0"/><counter type="COMPLEXITY" missed="1" covered="0"/><counter type="METHOD" missed="1" covered="0"/></method><method name="ofSize" desc="(I)Lio/oigres/ecomm/service/orders/model/PageableRequestImpl;" line="90"><counter type="INSTRUCTION" missed="4" covered="0"/><counter type="LINE" missed="1" covered="0"/><counter type="COMPLEXITY" missed="1" covered="0"/><counter type="METHOD" missed="1" covered="0"/></method><method name="getSort" desc="()Lio/oigres/ecomm/service/orders/model/SortRequest;" line="98"><counter type="INSTRUCTION" missed="3" covered="0"/><counter type="LINE" missed="1" covered="0"/><counter type="COMPLEXITY" missed="1" covered="0"/><counter type="METHOD" missed="1" covered="0"/></method><method name="next" desc="()Lio/oigres/ecomm/service/orders/model/PageableRequestImpl;" line="107"><counter type="INSTRUCTION" missed="12" covered="0"/><counter type="LINE" missed="1" covered="0"/><counter type="COMPLEXITY" missed="1" covered="0"/><counter type="METHOD" missed="1" covered="0"/></method><method name="previous" desc="()Lio/oigres/ecomm/service/orders/model/PageableRequestImpl;" line="116"><counter type="INSTRUCTION" missed="17" covered="0"/><counter type="BRANCH" missed="2" covered="0"/><counter type="LINE" missed="3" covered="0"/><counter type="COMPLEXITY" missed="2" covered="0"/><counter type="METHOD" missed="1" covered="0"/></method><method name="first" desc="()Lio/oigres/ecomm/service/orders/model/PageableRequestImpl;" line="127"><counter type="INSTRUCTION" missed="9" covered="0"/><counter type="LINE" missed="1" covered="0"/><counter type="COMPLEXITY" missed="1" covered="0"/><counter type="METHOD" missed="1" covered="0"/></method><method name="equals" desc="(Ljava/lang/Object;)Z" line="137"><counter type="INSTRUCTION" missed="27" covered="0"/><counter type="BRANCH" missed="8" covered="0"/><counter type="LINE" missed="6" covered="0"/><counter type="COMPLEXITY" missed="5" covered="0"/><counter type="METHOD" missed="1" covered="0"/></method><method name="withPage" desc="(I)Lio/oigres/ecomm/service/orders/model/PageableRequestImpl;" line="159"><counter type="INSTRUCTION" missed="9" covered="0"/><counter type="LINE" missed="1" covered="0"/><counter type="COMPLEXITY" missed="1" covered="0"/><counter type="METHOD" missed="1" covered="0"/></method><method name="withSort" desc="(Lio/oigres/ecomm/service/orders/model/SortRequest$Direction;[Ljava/lang/String;)Lio/oigres/ecomm/service/orders/model/PageableRequestImpl;" line="171"><counter type="INSTRUCTION" missed="11" covered="0"/><counter type="LINE" missed="2" covered="0"/><counter type="COMPLEXITY" missed="1" covered="0"/><counter type="METHOD" missed="1" covered="0"/></method><method name="withSort" desc="(Lio/oigres/ecomm/service/orders/model/SortRequest;)Lio/oigres/ecomm/service/orders/model/PageableRequestImpl;" line="183"><counter type="INSTRUCTION" missed="9" covered="0"/><counter type="LINE" missed="1" covered="0"/><counter type="COMPLEXITY" missed="1" covered="0"/><counter type="METHOD" missed="1" covered="0"/></method><method name="hashCode" desc="()I" line="192"><counter type="INSTRUCTION" missed="9" covered="0"/><counter type="LINE" missed="1" covered="0"/><counter type="COMPLEXITY" missed="1" covered="0"/><counter type="METHOD" missed="1" covered="0"/></method><method name="toString" desc="()Ljava/lang/String;" line="201"><counter type="INSTRUCTION" missed="22" covered="0"/><counter type="LINE" missed="2" covered="0"/><counter type="COMPLEXITY" missed="1" covered="0"/><counter type="METHOD" missed="1" covered="0"/></method><counter type="INSTRUCTION" missed="159" covered="0"/><counter type="BRANCH" missed="10" covered="0"/><counter type="LINE" missed="26" covered="0"/><counter type="COMPLEXITY" missed="20" covered="0"/><counter type="METHOD" missed="15" covered="0"/><counter type="CLASS" missed="1" covered="0"/></class><sourcefile name="StockTimeOutException.java"><line nr="21" mi="3" ci="0" mb="0" cb="0"/><line nr="24" mi="3" ci="0" mb="0" cb="0"/><line nr="25" mi="1" ci="0" mb="0" cb="0"/><counter type="INSTRUCTION" missed="7" covered="0"/><counter type="LINE" missed="3" covered="0"/><counter type="COMPLEXITY" missed="2" covered="0"/><counter type="METHOD" missed="2" covered="0"/><counter type="CLASS" missed="1" covered="0"/></sourcefile><sourcefile name="CreateCartException.java"><line nr="21" mi="3" ci="0" mb="0" cb="0"/><line nr="24" mi="3" ci="0" mb="0" cb="0"/><line nr="25" mi="1" ci="0" mb="0" cb="0"/><counter type="INSTRUCTION" missed="7" covered="0"/><counter type="LINE" missed="3" covered="0"/><counter type="COMPLEXITY" missed="2" covered="0"/><counter type="METHOD" missed="2" covered="0"/><counter type="CLASS" missed="1" covered="0"/></sourcefile><sourcefile name="PageResponse.java"><line nr="38" mi="3" ci="0" mb="0" cb="0"/><line nr="49" mi="7" ci="0" mb="0" cb="0"/><counter type="INSTRUCTION" missed="10" covered="0"/><counter type="LINE" missed="2" covered="0"/><counter type="COMPLEXITY" missed="2" covered="0"/><counter type="METHOD" missed="2" covered="0"/><counter type="CLASS" missed="1" covered="0"/></sourcefile><sourcefile name="NotFoundException.java"><line nr="21" mi="3" ci="0" mb="0" cb="0"/><line nr="24" mi="3" ci="0" mb="0" cb="0"/><line nr="25" mi="1" ci="0" mb="0" cb="0"/><counter type="INSTRUCTION" missed="7" covered="0"/><counter type="LINE" missed="3" covered="0"/><counter type="COMPLEXITY" missed="2" covered="0"/><counter type="METHOD" missed="2" covered="0"/><counter type="CLASS" missed="1" covered="0"/></sourcefile><sourcefile name="UnpagedRequest.java"><line nr="25" mi="3" ci="0" mb="0" cb="0"/><line nr="26" mi="6" ci="0" mb="0" cb="0"/><line nr="34" mi="2" ci="0" mb="0" cb="0"/><line nr="43" mi="2" ci="0" mb="0" cb="0"/><line nr="52" mi="2" ci="0" mb="0" cb="0"/><line nr="61" mi="2" ci="0" mb="0" cb="0"/><line nr="70" mi="2" ci="0" mb="0" cb="0"/><line nr="79" mi="4" ci="0" mb="0" cb="0"/><line nr="88" mi="4" ci="0" mb="0" cb="0"/><line nr="97" mi="4" ci="0" mb="0" cb="0"/><line nr="106" mi="2" ci="0" mb="0" cb="0"/><line nr="116" mi="2" ci="0" mb="2" cb="0"/><line nr="117" mi="2" ci="0" mb="0" cb="0"/><line nr="120" mi="4" ci="0" mb="0" cb="0"/><counter type="INSTRUCTION" missed="41" covered="0"/><counter type="BRANCH" missed="2" covered="0"/><counter type="LINE" missed="14" covered="0"/><counter type="COMPLEXITY" missed="12" covered="0"/><counter type="METHOD" missed="11" covered="0"/><counter type="CLASS" missed="1" covered="0"/></sourcefile><sourcefile name="SortRequest.java"><line nr="38" mi="4" ci="0" mb="0" cb="0"/><line nr="40" mi="3" ci="0" mb="0" cb="0"/><line nr="45" mi="3" ci="0" mb="0" cb="0"/><line nr="46" mi="1" ci="0" mb="0" cb="0"/><line nr="48" mi="2" ci="0" mb="0" cb="0"/><line nr="49" mi="4" ci="0" mb="0" cb="0"/><line nr="50" mi="1" ci="0" mb="0" cb="0"/><line nr="58" mi="2" ci="0" mb="0" cb="0"/><line nr="60" mi="5" ci="0" mb="4" cb="0"/><line nr="61" mi="5" ci="0" mb="0" cb="0"/><line nr="64" mi="2" ci="0" mb="0" cb="0"/><line nr="65" mi="3" ci="0" mb="0" cb="0"/><line nr="66" mi="7" ci="0" mb="0" cb="0"/><line nr="67" mi="4" ci="0" mb="0" cb="0"/><line nr="68" mi="1" ci="0" mb="0" cb="0"/><line nr="77" mi="4" ci="0" mb="2" cb="0"/><line nr="78" mi="2" ci="0" mb="0" cb="0"/><line nr="79" mi="6" ci="0" mb="0" cb="0"/><line nr="89" mi="10" ci="0" mb="2" cb="0"/><line nr="99" mi="6" ci="0" mb="0" cb="0"/><line nr="110" mi="3" ci="0" mb="0" cb="0"/><line nr="111" mi="3" ci="0" mb="0" cb="0"/><line nr="112" mi="7" ci="0" mb="0" cb="0"/><line nr="113" mi="3" ci="0" mb="0" cb="0"/><line nr="122" mi="2" ci="0" mb="0" cb="0"/><line nr="131" mi="4" ci="0" mb="0" cb="0"/><line nr="140" mi="4" ci="0" mb="0" cb="0"/><line nr="144" mi="7" ci="0" mb="2" cb="0"/><line nr="148" mi="4" ci="0" mb="0" cb="0"/><line nr="152" mi="7" ci="0" mb="2" cb="0"/><line nr="156" mi="4" ci="0" mb="0" cb="0"/><line nr="160" mi="6" ci="0" mb="0" cb="0"/><line nr="162" mi="11" ci="0" mb="2" cb="0"/><line nr="163" mi="4" ci="0" mb="0" cb="0"/><line nr="164" mi="1" ci="0" mb="0" cb="0"/><line nr="166" mi="3" ci="0" mb="0" cb="0"/><line nr="177" mi="4" ci="0" mb="0" cb="0"/><line nr="178" mi="11" ci="0" mb="0" cb="0"/><line nr="186" mi="3" ci="0" mb="0" cb="0"/><line nr="187" mi="6" ci="0" mb="0" cb="0"/><line nr="188" mi="6" ci="0" mb="0" cb="0"/><line nr="197" mi="4" ci="0" mb="0" cb="0"/><line nr="207" mi="4" ci="0" mb="0" cb="0"/><line nr="220" mi="5" ci="0" mb="0" cb="0"/><line nr="221" mi="1" ci="0" mb="0" cb="0"/><line nr="222" mi="9" ci="0" mb="0" cb="0"/><line nr="223" mi="4" ci="0" mb="0" cb="0"/><line nr="241" mi="4" ci="0" mb="0" cb="0"/><line nr="242" mi="1" ci="0" mb="0" cb="0"/><line nr="243" mi="2" ci="0" mb="0" cb="0"/><line nr="254" mi="3" ci="0" mb="0" cb="0"/><line nr="259" mi="6" ci="0" mb="0" cb="0"/><line nr="264" mi="6" ci="0" mb="0" cb="0"/><line nr="269" mi="6" ci="0" mb="0" cb="0"/><line nr="283" mi="3" ci="0" mb="0" cb="0"/><line nr="298" mi="6" ci="0" mb="0" cb="0"/><line nr="299" mi="1" ci="0" mb="0" cb="0"/><line nr="310" mi="6" ci="0" mb="0" cb="0"/><line nr="311" mi="1" ci="0" mb="0" cb="0"/><line nr="321" mi="6" ci="0" mb="0" cb="0"/><line nr="332" mi="7" ci="0" mb="0" cb="0"/><line nr="343" mi="7" ci="0" mb="0" cb="0"/><line nr="357" mi="2" ci="0" mb="0" cb="0"/><line nr="359" mi="6" ci="0" mb="4" cb="0"/><line nr="360" mi="5" ci="0" mb="0" cb="0"/><line nr="363" mi="7" ci="0" mb="2" cb="0"/><line nr="364" mi="3" ci="0" mb="0" cb="0"/><line nr="365" mi="3" ci="0" mb="0" cb="0"/><line nr="366" mi="3" ci="0" mb="0" cb="0"/><line nr="367" mi="1" ci="0" mb="0" cb="0"/><line nr="375" mi="3" ci="0" mb="0" cb="0"/><line nr="384" mi="3" ci="0" mb="0" cb="0"/><line nr="393" mi="4" ci="0" mb="0" cb="0"/><line nr="403" mi="4" ci="0" mb="0" cb="0"/><line nr="412" mi="3" ci="0" mb="0" cb="0"/><line nr="422" mi="11" ci="0" mb="0" cb="0"/><line nr="433" mi="11" ci="0" mb="0" cb="0"/><line nr="443" mi="5" ci="0" mb="0" cb="0"/><line nr="452" mi="11" ci="0" mb="0" cb="0"/><line nr="463" mi="11" ci="0" mb="0" cb="0"/><line nr="473" mi="4" ci="0" mb="0" cb="0"/><line nr="483" mi="4" ci="0" mb="0" cb="0"/><line nr="493" mi="4" ci="0" mb="0" cb="0"/><line nr="503" mi="3" ci="0" mb="0" cb="0"/><line nr="513" mi="2" ci="0" mb="0" cb="0"/><line nr="515" mi="8" ci="0" mb="0" cb="0"/><line nr="516" mi="8" ci="0" mb="0" cb="0"/><line nr="517" mi="11" ci="0" mb="2" cb="0"/><line nr="518" mi="8" ci="0" mb="0" cb="0"/><line nr="520" mi="2" ci="0" mb="0" cb="0"/><line nr="530" mi="3" ci="0" mb="2" cb="0"/><line nr="531" mi="2" ci="0" mb="0" cb="0"/><line nr="534" mi="3" ci="0" mb="2" cb="0"/><line nr="535" mi="2" ci="0" mb="0" cb="0"/><line nr="538" mi="3" ci="0" mb="0" cb="0"/><line nr="540" mi="11" ci="0" mb="2" cb="0"/><line nr="541" mi="11" ci="0" mb="4" cb="0"/><line nr="543" mi="5" ci="0" mb="2" cb="0"/><line nr="553" mi="15" ci="0" mb="0" cb="0"/><line nr="555" mi="5" ci="0" mb="2" cb="0"/><line nr="556" mi="6" ci="0" mb="0" cb="0"/><line nr="559" mi="3" ci="0" mb="2" cb="0"/><line nr="560" mi="3" ci="0" mb="0" cb="0"/><line nr="563" mi="2" ci="0" mb="0" cb="0"/><counter type="INSTRUCTION" missed="494" covered="0"/><counter type="BRANCH" missed="38" covered="0"/><counter type="LINE" missed="104" covered="0"/><counter type="COMPLEXITY" missed="69" covered="0"/><counter type="METHOD" missed="50" covered="0"/><counter type="CLASS" missed="4" covered="0"/></sourcefile><sourcefile name="ChunkResponse.java"><line nr="33" mi="5" ci="0" mb="0" cb="0"/><line nr="42" mi="2" ci="0" mb="0" cb="0"/><line nr="43" mi="5" ci="0" mb="0" cb="0"/><line nr="44" mi="3" ci="0" mb="0" cb="0"/><line nr="45" mi="1" ci="0" mb="0" cb="0"/><line nr="52" mi="10" ci="0" mb="2" cb="0"/><line nr="60" mi="12" ci="0" mb="2" cb="0"/><line nr="68" mi="4" ci="0" mb="0" cb="0"/><line nr="76" mi="7" ci="0" mb="2" cb="0"/><line nr="84" mi="7" ci="0" mb="2" cb="0"/><line nr="92" mi="7" ci="0" mb="2" cb="0"/><line nr="100" mi="9" ci="0" mb="2" cb="0"/><line nr="108" mi="9" ci="0" mb="2" cb="0"/><line nr="116" mi="8" ci="0" mb="2" cb="0"/><line nr="124" mi="4" ci="0" mb="0" cb="0"/><line nr="133" mi="3" ci="0" mb="0" cb="0"/><line nr="142" mi="4" ci="0" mb="0" cb="0"/><line nr="152" mi="3" ci="0" mb="2" cb="0"/><line nr="153" mi="2" ci="0" mb="0" cb="0"/><line nr="156" mi="3" ci="0" mb="2" cb="0"/><line nr="157" mi="2" ci="0" mb="0" cb="0"/><line nr="160" mi="3" ci="0" mb="0" cb="0"/><line nr="162" mi="6" ci="0" mb="0" cb="0"/><line nr="163" mi="6" ci="0" mb="0" cb="0"/><line nr="165" mi="8" ci="0" mb="4" cb="0"/><line nr="175" mi="2" ci="0" mb="0" cb="0"/><line nr="177" mi="8" ci="0" mb="0" cb="0"/><line nr="178" mi="8" ci="0" mb="0" cb="0"/><line nr="180" mi="2" ci="0" mb="0" cb="0"/><counter type="INSTRUCTION" missed="153" covered="0"/><counter type="BRANCH" missed="24" covered="0"/><counter type="LINE" missed="29" covered="0"/><counter type="COMPLEXITY" missed="27" covered="0"/><counter type="METHOD" missed="15" covered="0"/><counter type="CLASS" missed="1" covered="0"/></sourcefile><sourcefile name="JacksonPageableRequestImpl.java"><line nr="31" mi="5" ci="0" mb="0" cb="0"/><line nr="32" mi="1" ci="0" mb="0" cb="0"/><counter type="INSTRUCTION" missed="6" covered="0"/><counter type="LINE" missed="2" covered="0"/><counter type="COMPLEXITY" missed="1" covered="0"/><counter type="METHOD" missed="1" covered="0"/><counter type="CLASS" missed="1" covered="0"/></sourcefile><sourcefile name="NoStockException.java"><line nr="21" mi="3" ci="0" mb="0" cb="0"/><line nr="24" mi="3" ci="0" mb="0" cb="0"/><line nr="25" mi="1" ci="0" mb="0" cb="0"/><counter type="INSTRUCTION" missed="7" covered="0"/><counter type="LINE" missed="3" covered="0"/><counter type="COMPLEXITY" missed="2" covered="0"/><counter type="METHOD" missed="2" covered="0"/><counter type="CLASS" missed="1" covered="0"/></sourcefile><sourcefile name="AbstractPageableRequest.java"><line nr="42" mi="2" ci="0" mb="0" cb="0"/><line nr="44" mi="2" ci="0" mb="2" cb="0"/><line nr="45" mi="5" ci="0" mb="0" cb="0"/><line nr="48" mi="3" ci="0" mb="2" cb="0"/><line nr="49" mi="5" ci="0" mb="0" cb="0"/><line nr="52" mi="3" ci="0" mb="0" cb="0"/><line nr="53" mi="3" ci="0" mb="0" cb="0"/><line nr="54" mi="1" ci="0" mb="0" cb="0"/><line nr="61" mi="3" ci="0" mb="0" cb="0"/><line nr="69" mi="3" ci="0" mb="0" cb="0"/><line nr="77" mi="8" ci="0" mb="0" cb="0"/><line nr="85" mi="7" ci="0" mb="2" cb="0"/><line nr="93" mi="9" ci="0" mb="2" cb="0"/><line nr="122" mi="2" ci="0" mb="0" cb="0"/><line nr="123" mi="2" ci="0" mb="0" cb="0"/><line nr="125" mi="7" ci="0" mb="0" cb="0"/><line nr="126" mi="7" ci="0" mb="0" cb="0"/><line nr="128" mi="2" ci="0" mb="0" cb="0"/><line nr="138" mi="3" ci="0" mb="2" cb="0"/><line nr="139" mi="2" ci="0" mb="0" cb="0"/><line nr="142" mi="7" ci="0" mb="4" cb="0"/><line nr="143" mi="2" ci="0" mb="0" cb="0"/><line nr="146" mi="3" ci="0" mb="0" cb="0"/><line nr="147" mi="14" ci="0" mb="4" cb="0"/><counter type="INSTRUCTION" missed="105" covered="0"/><counter type="BRANCH" missed="18" covered="0"/><counter type="LINE" missed="24" covered="0"/><counter type="COMPLEXITY" missed="17" covered="0"/><counter type="METHOD" missed="8" covered="0"/><counter type="CLASS" missed="1" covered="0"/></sourcefile><sourcefile name="SliceResponse.java"><line nr="108" mi="8" ci="0" mb="0" cb="0"/><line nr="138" mi="9" ci="0" mb="2" cb="0"/><line nr="149" mi="9" ci="0" mb="2" cb="0"/><counter type="INSTRUCTION" missed="26" covered="0"/><counter type="BRANCH" missed="4" covered="0"/><counter type="LINE" missed="3" covered="0"/><counter type="COMPLEXITY" missed="5" covered="0"/><counter type="METHOD" missed="3" covered="0"/><counter type="CLASS" missed="1" covered="0"/></sourcefile><sourcefile name="PageableRequest.java"><line nr="35" mi="2" ci="0" mb="0" cb="0"/><line nr="46" mi="4" ci="0" mb="0" cb="0"/><line nr="55" mi="2" ci="0" mb="0" cb="0"/><line nr="64" mi="7" ci="0" mb="2" cb="0"/><line nr="102" mi="9" ci="0" mb="2" cb="0"/><line nr="149" mi="8" ci="0" mb="2" cb="0"/><counter type="INSTRUCTION" missed="32" covered="0"/><counter type="BRANCH" missed="6" covered="0"/><counter type="LINE" missed="6" covered="0"/><counter type="COMPLEXITY" missed="9" covered="0"/><counter type="METHOD" missed="6" covered="0"/><counter type="CLASS" missed="1" covered="0"/></sourcefile><sourcefile name="PageResponseImpl.java"><line nr="45" mi="4" ci="0" mb="0" cb="0"/><line nr="47" mi="2" ci="0" mb="0" cb="0"/><line nr="49" mi="3" ci="0" mb="0" cb="0"/><line nr="50" mi="10" ci="0" mb="2" cb="0"/><line nr="51" mi="16" ci="0" mb="2" cb="0"/><line nr="52" mi="10" ci="0" mb="0" cb="0"/><line nr="53" mi="5" ci="0" mb="0" cb="0"/><line nr="54" mi="1" ci="0" mb="0" cb="0"/><line nr="63" mi="12" ci="0" mb="2" cb="0"/><line nr="64" mi="1" ci="0" mb="0" cb="0"/><line nr="72" mi="15" ci="0" mb="2" cb="0"/><line nr="81" mi="3" ci="0" mb="0" cb="0"/><line nr="90" mi="11" ci="0" mb="2" cb="0"/><line nr="99" mi="7" ci="0" mb="2" cb="0"/><line nr="109" mi="2" ci="0" mb="0" cb="0"/><line nr="110" mi="3" ci="0" mb="0" cb="0"/><line nr="112" mi="7" ci="0" mb="4" cb="0"/><line nr="113" mi="6" ci="0" mb="0" cb="0"/><line nr="116" mi="8" ci="0" mb="0" cb="0"/><line nr="117" mi="15" ci="0" mb="0" cb="0"/><line nr="127" mi="3" ci="0" mb="2" cb="0"/><line nr="128" mi="2" ci="0" mb="0" cb="0"/><line nr="131" mi="3" ci="0" mb="2" cb="0"/><line nr="132" mi="2" ci="0" mb="0" cb="0"/><line nr="135" mi="3" ci="0" mb="0" cb="0"/><line nr="137" mi="14" ci="0" mb="4" cb="0"/><line nr="147" mi="2" ci="0" mb="0" cb="0"/><line nr="149" mi="13" ci="0" mb="0" cb="0"/><line nr="150" mi="7" ci="0" mb="0" cb="0"/><line nr="152" mi="2" ci="0" mb="0" cb="0"/><counter type="INSTRUCTION" missed="192" covered="0"/><counter type="BRANCH" missed="24" covered="0"/><counter type="LINE" missed="30" covered="0"/><counter type="COMPLEXITY" missed="24" covered="0"/><counter type="METHOD" missed="12" covered="0"/><counter type="CLASS" missed="1" covered="0"/></sourcefile><sourcefile name="JacksonPageImpl.java"><line nr="36" mi="5" ci="0" mb="0" cb="0"/><line nr="37" mi="1" ci="0" mb="0" cb="0"/><counter type="INSTRUCTION" missed="6" covered="0"/><counter type="LINE" missed="2" covered="0"/><counter type="COMPLEXITY" missed="1" covered="0"/><counter type="METHOD" missed="1" covered="0"/><counter type="CLASS" missed="1" covered="0"/></sourcefile><sourcefile name="BusinessApiException.java"><line nr="22" mi="3" ci="0" mb="0" cb="0"/><line nr="25" mi="3" ci="0" mb="0" cb="0"/><line nr="26" mi="1" ci="0" mb="0" cb="0"/><line nr="29" mi="4" ci="0" mb="0" cb="0"/><line nr="30" mi="1" ci="0" mb="0" cb="0"/><line nr="33" mi="3" ci="0" mb="0" cb="0"/><line nr="34" mi="1" ci="0" mb="0" cb="0"/><line nr="38" mi="6" ci="0" mb="0" cb="0"/><line nr="39" mi="1" ci="0" mb="0" cb="0"/><counter type="INSTRUCTION" missed="23" covered="0"/><counter type="LINE" missed="9" covered="0"/><counter type="COMPLEXITY" missed="5" covered="0"/><counter type="METHOD" missed="5" covered="0"/><counter type="CLASS" missed="1" covered="0"/></sourcefile><sourcefile name="PageableRequestImpl.java"><line nr="41" mi="4" ci="0" mb="0" cb="0"/><line nr="42" mi="3" ci="0" mb="0" cb="0"/><line nr="43" mi="1" ci="0" mb="0" cb="0"/><line nr="53" mi="5" ci="0" mb="0" cb="0"/><line nr="65" mi="7" ci="0" mb="0" cb="0"/><line nr="79" mi="7" ci="0" mb="0" cb="0"/><line nr="90" mi="4" ci="0" mb="0" cb="0"/><line nr="98" mi="3" ci="0" mb="0" cb="0"/><line nr="107" mi="12" ci="0" mb="0" cb="0"/><line nr="116" mi="4" ci="0" mb="2" cb="0"/><line nr="117" mi="2" ci="0" mb="0" cb="0"/><line nr="118" mi="11" ci="0" mb="0" cb="0"/><line nr="127" mi="9" ci="0" mb="0" cb="0"/><line nr="137" mi="3" ci="0" mb="2" cb="0"/><line nr="138" mi="2" ci="0" mb="0" cb="0"/><line nr="141" mi="3" ci="0" mb="2" cb="0"/><line nr="142" mi="2" ci="0" mb="0" cb="0"/><line nr="145" mi="3" ci="0" mb="0" cb="0"/><line nr="147" mi="14" ci="0" mb="4" cb="0"/><line nr="159" mi="9" ci="0" mb="0" cb="0"/><line nr="171" mi="4" ci="0" mb="0" cb="0"/><line nr="172" mi="7" ci="0" mb="0" cb="0"/><line nr="183" mi="9" ci="0" mb="0" cb="0"/><line nr="192" mi="9" ci="0" mb="0" cb="0"/><line nr="201" mi="8" ci="0" mb="0" cb="0"/><line nr="202" mi="14" ci="0" mb="0" cb="0"/><counter type="INSTRUCTION" missed="159" covered="0"/><counter type="BRANCH" missed="10" covered="0"/><counter type="LINE" missed="26" covered="0"/><counter type="COMPLEXITY" missed="20" covered="0"/><counter type="METHOD" missed="15" covered="0"/><counter type="CLASS" missed="1" covered="0"/></sourcefile><counter type="INSTRUCTION" missed="1275" covered="0"/><counter type="BRANCH" missed="126" covered="0"/><counter type="LINE" missed="263" covered="0"/><counter type="COMPLEXITY" missed="200" covered="0"/><counter type="METHOD" missed="137" covered="0"/><counter type="CLASS" missed="19" covered="0"/></package><package name="io/oigres/ecomm/service/orders/model/cart"><class name="io/oigres/ecomm/service/orders/model/cart/InsertCartResponse$InsertCartResponseBuilder" sourcefilename="InsertCartResponse.java"/><class name="io/oigres/ecomm/service/orders/model/cart/InsertOrderResponse$InsertOrderResponseBuilder" sourcefilename="InsertOrderResponse.java"/><class name="io/oigres/ecomm/service/orders/model/cart/InsertCartRequest$InsertCartRequestBuilder" sourcefilename="InsertCartRequest.java"/><class name="io/oigres/ecomm/service/orders/model/cart/InsertPublicationWithAmountRequest" sourcefilename="InsertPublicationWithAmountRequest.java"/><class name="io/oigres/ecomm/service/orders/model/cart/GetAllDeliveryMethodsResponse$GetAllDeliveryMethodsResponseBuilder" sourcefilename="GetAllDeliveryMethodsResponse.java"/><class name="io/oigres/ecomm/service/orders/model/cart/InsertCartRequest" sourcefilename="InsertCartRequest.java"><method name="getPublications" desc="()Ljava/util/List;" line="40"><counter type="INSTRUCTION" missed="4" covered="0"/><counter type="LINE" missed="1" covered="0"/><counter type="COMPLEXITY" missed="1" covered="0"/><counter type="METHOD" missed="1" covered="0"/></method><counter type="INSTRUCTION" missed="4" covered="0"/><counter type="LINE" missed="1" covered="0"/><counter type="COMPLEXITY" missed="1" covered="0"/><counter type="METHOD" missed="1" covered="0"/><counter type="CLASS" missed="1" covered="0"/></class><class name="io/oigres/ecomm/service/orders/model/cart/InsertPublicationWithAmountRequest$InsertPublicationWithAmountRequestBuilder" sourcefilename="InsertPublicationWithAmountRequest.java"/><class name="io/oigres/ecomm/service/orders/model/cart/GetAllPaymentMethodsResponse" sourcefilename="GetAllPaymentMethodsResponse.java"/><class name="io/oigres/ecomm/service/orders/model/cart/InsertCartResponse" sourcefilename="InsertCartResponse.java"><method name="getOrders" desc="()Ljava/util/List;" line="31"><counter type="INSTRUCTION" missed="0" covered="4"/><counter type="LINE" missed="0" covered="1"/><counter type="COMPLEXITY" missed="0" covered="1"/><counter type="METHOD" missed="0" covered="1"/></method><counter type="INSTRUCTION" missed="0" covered="4"/><counter type="LINE" missed="0" covered="1"/><counter type="COMPLEXITY" missed="0" covered="1"/><counter type="METHOD" missed="0" covered="1"/><counter type="CLASS" missed="0" covered="1"/></class><class name="io/oigres/ecomm/service/orders/model/cart/GetAllPaymentMethodsResponse$GetAllPaymentMethodsResponseBuilder" sourcefilename="GetAllPaymentMethodsResponse.java"/><class name="io/oigres/ecomm/service/orders/model/cart/InsertOrderDispensaryPublicationResponse$InsertOrderDispensaryPublicationResponseBuilder" sourcefilename="InsertOrderDispensaryPublicationResponse.java"/><class name="io/oigres/ecomm/service/orders/model/cart/InsertOrderResponse" sourcefilename="InsertOrderResponse.java"><method name="getPublications" desc="()Ljava/util/List;" line="41"><counter type="INSTRUCTION" missed="4" covered="0"/><counter type="LINE" missed="1" covered="0"/><counter type="COMPLEXITY" missed="1" covered="0"/><counter type="METHOD" missed="1" covered="0"/></method><counter type="INSTRUCTION" missed="4" covered="0"/><counter type="LINE" missed="1" covered="0"/><counter type="COMPLEXITY" missed="1" covered="0"/><counter type="METHOD" missed="1" covered="0"/><counter type="CLASS" missed="1" covered="0"/></class><class name="io/oigres/ecomm/service/orders/model/cart/InsertOrderDispensaryPublicationResponse" sourcefilename="InsertOrderDispensaryPublicationResponse.java"/><class name="io/oigres/ecomm/service/orders/model/cart/GetAllDeliveryMethodsResponse" sourcefilename="GetAllDeliveryMethodsResponse.java"/><sourcefile name="InsertCartRequest.java"><line nr="40" mi="4" ci="0" mb="0" cb="0"/><counter type="INSTRUCTION" missed="4" covered="0"/><counter type="LINE" missed="1" covered="0"/><counter type="COMPLEXITY" missed="1" covered="0"/><counter type="METHOD" missed="1" covered="0"/><counter type="CLASS" missed="1" covered="0"/></sourcefile><sourcefile name="GetAllPaymentMethodsResponse.java"/><sourcefile name="InsertOrderResponse.java"><line nr="41" mi="4" ci="0" mb="0" cb="0"/><counter type="INSTRUCTION" missed="4" covered="0"/><counter type="LINE" missed="1" covered="0"/><counter type="COMPLEXITY" missed="1" covered="0"/><counter type="METHOD" missed="1" covered="0"/><counter type="CLASS" missed="1" covered="0"/></sourcefile><sourcefile name="InsertOrderDispensaryPublicationResponse.java"/><sourcefile name="InsertPublicationWithAmountRequest.java"/><sourcefile name="InsertCartResponse.java"><line nr="31" mi="0" ci="4" mb="0" cb="0"/><counter type="INSTRUCTION" missed="0" covered="4"/><counter type="LINE" missed="0" covered="1"/><counter type="COMPLEXITY" missed="0" covered="1"/><counter type="METHOD" missed="0" covered="1"/><counter type="CLASS" missed="0" covered="1"/></sourcefile><sourcefile name="GetAllDeliveryMethodsResponse.java"/><counter type="INSTRUCTION" missed="8" covered="4"/><counter type="LINE" missed="2" covered="1"/><counter type="COMPLEXITY" missed="2" covered="1"/><counter type="METHOD" missed="2" covered="1"/><counter type="CLASS" missed="2" covered="1"/></package><package name="io/oigres/ecomm/service/orders/model/exception"><class name="io/oigres/ecomm/service/orders/model/exception/GenericExceptionTracker" sourcefilename="GenericExceptionTracker.java"><method name="&lt;init&gt;" desc="(Ljava/lang/String;Ljava/lang/String;Ljava/lang/String;Ljava/lang/String;Ljava/lang/String;)V" line="33"><counter type="INSTRUCTION" missed="18" covered="0"/><counter type="LINE" missed="7" covered="0"/><counter type="COMPLEXITY" missed="1" covered="0"/><counter type="METHOD" missed="1" covered="0"/></method><counter type="INSTRUCTION" missed="18" covered="0"/><counter type="LINE" missed="7" covered="0"/><counter type="COMPLEXITY" missed="1" covered="0"/><counter type="METHOD" missed="1" covered="0"/><counter type="CLASS" missed="1" covered="0"/></class><sourcefile name="GenericExceptionTracker.java"><line nr="33" mi="2" ci="0" mb="0" cb="0"/><line nr="34" mi="3" ci="0" mb="0" cb="0"/><line nr="35" mi="3" ci="0" mb="0" cb="0"/><line nr="36" mi="3" ci="0" mb="0" cb="0"/><line nr="37" mi="3" ci="0" mb="0" cb="0"/><line nr="38" mi="3" ci="0" mb="0" cb="0"/><line nr="39" mi="1" ci="0" mb="0" cb="0"/><counter type="INSTRUCTION" missed="18" covered="0"/><counter type="LINE" missed="7" covered="0"/><counter type="COMPLEXITY" missed="1" covered="0"/><counter type="METHOD" missed="1" covered="0"/><counter type="CLASS" missed="1" covered="0"/></sourcefile><counter type="INSTRUCTION" missed="18" covered="0"/><counter type="LINE" missed="7" covered="0"/><counter type="COMPLEXITY" missed="1" covered="0"/><counter type="METHOD" missed="1" covered="0"/><counter type="CLASS" missed="1" covered="0"/></package><package name="io/oigres/ecomm/service/orders"><class name="io/oigres/ecomm/service/orders/CartsService" sourcefilename="CartsService.java"/><class name="io/oigres/ecomm/service/orders/Constants" sourcefilename="Constants.java"/><class name="io/oigres/ecomm/service/orders/OrderStatusEnumApi" sourcefilename="OrderStatusEnumApi.java"><method name="stream" desc="()Ljava/util/stream/Stream;" line="30"><counter type="INSTRUCTION" missed="3" covered="0"/><counter type="LINE" missed="1" covered="0"/><counter type="COMPLEXITY" missed="1" covered="0"/><counter type="METHOD" missed="1" covered="0"/></method><method name="&lt;clinit&gt;" desc="()V" line="22"><counter type="INSTRUCTION" missed="33" covered="0"/><counter type="LINE" missed="6" covered="0"/><counter type="COMPLEXITY" missed="1" covered="0"/><counter type="METHOD" missed="1" covered="0"/></method><counter type="INSTRUCTION" missed="36" covered="0"/><counter type="LINE" missed="7" covered="0"/><counter type="COMPLEXITY" missed="2" covered="0"/><counter type="METHOD" missed="2" covered="0"/><counter type="CLASS" missed="1" covered="0"/></class><class name="io/oigres/ecomm/service/orders/OrdersService" sourcefilename="OrdersService.java"/><class name="io/oigres/ecomm/service/orders/PaymentMethodsService" sourcefilename="PaymentMethodsService.java"/><class name="io/oigres/ecomm/service/orders/DeliveryMethodsService" sourcefilename="DeliveryMethodsService.java"/><class name="io/oigres/ecomm/service/orders/Routes" sourcefilename="Routes.java"/><sourcefile name="Routes.java"/><sourcefile name="OrdersService.java"/><sourcefile name="PaymentMethodsService.java"/><sourcefile name="OrderStatusEnumApi.java"><line nr="22" mi="3" ci="0" mb="0" cb="0"/><line nr="23" mi="6" ci="0" mb="0" cb="0"/><line nr="24" mi="6" ci="0" mb="0" cb="0"/><line nr="25" mi="6" ci="0" mb="0" cb="0"/><line nr="26" mi="6" ci="0" mb="0" cb="0"/><line nr="27" mi="6" ci="0" mb="0" cb="0"/><line nr="30" mi="3" ci="0" mb="0" cb="0"/><counter type="INSTRUCTION" missed="36" covered="0"/><counter type="LINE" missed="7" covered="0"/><counter type="COMPLEXITY" missed="2" covered="0"/><counter type="METHOD" missed="2" covered="0"/><counter type="CLASS" missed="1" covered="0"/></sourcefile><sourcefile name="DeliveryMethodsService.java"/><sourcefile name="CartsService.java"/><sourcefile name="Constants.java"/><counter type="INSTRUCTION" missed="36" covered="0"/><counter type="LINE" missed="7" covered="0"/><counter type="COMPLEXITY" missed="2" covered="0"/><counter type="METHOD" missed="2" covered="0"/><counter type="CLASS" missed="1" covered="0"/></package><package name="io/oigres/ecomm/service/orders/model/order"><class name="io/oigres/ecomm/service/orders/model/order/OrderStatusAmountDto" sourcefilename="OrderStatusAmountDto.java"/><class name="io/oigres/ecomm/service/orders/model/order/ChangeCurrentOrderStatusResponse" sourcefilename="ChangeCurrentOrderStatusResponse.java"><method name="getStatuses" desc="()Ljava/util/List;" line="33"><counter type="INSTRUCTION" missed="4" covered="0"/><counter type="LINE" missed="1" covered="0"/><counter type="COMPLEXITY" missed="1" covered="0"/><counter type="METHOD" missed="1" covered="0"/></method><counter type="INSTRUCTION" missed="4" covered="0"/><counter type="LINE" missed="1" covered="0"/><counter type="COMPLEXITY" missed="1" covered="0"/><counter type="METHOD" missed="1" covered="0"/><counter type="CLASS" missed="1" covered="0"/></class><class name="io/oigres/ecomm/service/orders/model/order/ChangeCurrentOrderStatusResponse$ChangeCurrentOrderStatusResponseBuilder" sourcefilename="ChangeCurrentOrderStatusResponse.java"/><class name="io/oigres/ecomm/service/orders/model/order/GetStatusesResponse$GetStatusesResponseBuilder" sourcefilename="GetStatusesResponse.java"/><class name="io/oigres/ecomm/service/orders/model/order/OrderPublicationResponse$OrderPublicationResponseBuilder" sourcefilename="OrderPublicationResponse.java"/><class name="io/oigres/ecomm/service/orders/model/order/GetAllOrdersResponse" sourcefilename="GetAllOrdersResponse.java"><method name="getItems" desc="()Ljava/util/List;" line="41"><counter type="INSTRUCTION" missed="4" covered="0"/><counter type="LINE" missed="1" covered="0"/><counter type="COMPLEXITY" missed="1" covered="0"/><counter type="METHOD" missed="1" covered="0"/></method><counter type="INSTRUCTION" missed="4" covered="0"/><counter type="LINE" missed="1" covered="0"/><counter type="COMPLEXITY" missed="1" covered="0"/><counter type="METHOD" missed="1" covered="0"/><counter type="CLASS" missed="1" covered="0"/></class><class name="io/oigres/ecomm/service/orders/model/order/ChangeCurrentOrderStatusRequest$ChangeCurrentOrderStatusRequestBuilder" sourcefilename="ChangeCurrentOrderStatusRequest.java"/><class name="io/oigres/ecomm/service/orders/model/order/OrderPublicationResponse" sourcefilename="OrderPublicationResponse.java"/><class name="io/oigres/ecomm/service/orders/model/order/GetStatusesResponse" sourcefilename="GetStatusesResponse.java"/><class name="io/oigres/ecomm/service/orders/model/order/OrdersCountResponse$OrdersCountResponseBuilder" sourcefilename="OrdersCountResponse.java"/><class name="io/oigres/ecomm/service/orders/model/order/OrderStatusAmountDto$OrderStatusAmountDtoBuilder" sourcefilename="OrderStatusAmountDto.java"/><class name="io/oigres/ecomm/service/orders/model/order/GetOrderByIdResponse" sourcefilename="GetOrderByIdResponse.java"><method name="getItems" desc="()Ljava/util/List;" line="45"><counter type="INSTRUCTION" missed="4" covered="0"/><counter type="LINE" missed="1" covered="0"/><counter type="COMPLEXITY" missed="1" covered="0"/><counter type="METHOD" missed="1" covered="0"/></method><method name="getStatuses" desc="()Ljava/util/List;" line="49"><counter type="INSTRUCTION" missed="4" covered="0"/><counter type="LINE" missed="1" covered="0"/><counter type="COMPLEXITY" missed="1" covered="0"/><counter type="METHOD" missed="1" covered="0"/></method><counter type="INSTRUCTION" missed="8" covered="0"/><counter type="LINE" missed="2" covered="0"/><counter type="COMPLEXITY" missed="2" covered="0"/><counter type="METHOD" missed="2" covered="0"/><counter type="CLASS" missed="1" covered="0"/></class><class name="io/oigres/ecomm/service/orders/model/order/GetAllOrdersResponse$GetAllOrdersResponseBuilder" sourcefilename="GetAllOrdersResponse.java"/><class name="io/oigres/ecomm/service/orders/model/order/GetOrderByIdResponse$GetOrderByIdResponseBuilder" sourcefilename="GetOrderByIdResponse.java"/><class name="io/oigres/ecomm/service/orders/model/order/OrderStatusAmountsResponse" sourcefilename="OrderStatusAmountsResponse.java"><method name="getStatus" desc="()Ljava/util/List;" line="33"><counter type="INSTRUCTION" missed="4" covered="0"/><counter type="LINE" missed="1" covered="0"/><co
[...]
ered="0"/><counter type="COMPLEXITY" missed="1" covered="0"/><counter type="METHOD" missed="1" covered="0"/></method><method name="put" desc="(Ljava/util/function/Function;Ljava/lang/Object;Ljava/lang/Class;)Ljava/lang/Object;" line="261"><counter type="INSTRUCTION" missed="12" covered="0"/><counter type="LINE" missed="1" covered="0"/><counter type="COMPLEXITY" missed="1" covered="0"/><counter type="METHOD" missed="1" covered="0"/></method><method name="put" desc="(Ljava/util/function/Function;Ljava/lang/Object;Lorg/springframework/core/ParameterizedTypeReference;)Ljava/lang/Object;" line="268"><counter type="INSTRUCTION" missed="12" covered="0"/><counter type="LINE" missed="1" covered="0"/><counter type="COMPLEXITY" missed="1" covered="0"/><counter type="METHOD" missed="1" covered="0"/></method><method name="putAsync" desc="(Ljava/util/function/Function;Ljava/lang/Object;Ljava/lang/Class;)Ljava/util/concurrent/CompletableFuture;" line="273"><counter type="INSTRUCTION" missed="12" covered="0"/><counter type="LINE" missed="1" covered="0"/><counter type="COMPLEXITY" missed="1" covered="0"/><counter type="METHOD" missed="1" covered="0"/></method><method name="putAsync" desc="(Ljava/util/function/Function;Ljava/lang/Object;Lorg/springframework/core/ParameterizedTypeReference;)Ljava/util/concurrent/CompletableFuture;" line="280"><counter type="INSTRUCTION" missed="12" covered="0"/><counter type="LINE" missed="1" covered="0"/><counter type="COMPLEXITY" missed="1" covered="0"/><counter type="METHOD" missed="1" covered="0"/></method><method name="delete" desc="(Ljava/util/function/Function;Ljava/lang/Class;)Ljava/lang/Object;" line="284"><counter type="INSTRUCTION" missed="10" covered="0"/><counter type="LINE" missed="1" covered="0"/><counter type="COMPLEXITY" missed="1" covered="0"/><counter type="METHOD" missed="1" covered="0"/></method><method name="delete" desc="(Ljava/util/function/Function;Lorg/springframework/core/ParameterizedTypeReference;)Ljava/lang/Object;" line="289"><counter type="INSTRUCTION" missed="10" covered="0"/><counter type="LINE" missed="1" covered="0"/><counter type="COMPLEXITY" missed="1" covered="0"/><counter type="METHOD" missed="1" covered="0"/></method><method name="deleteAsync" desc="(Ljava/util/function/Function;Ljava/lang/Class;)Ljava/util/concurrent/CompletableFuture;" line="294"><counter type="INSTRUCTION" missed="10" covered="0"/><counter type="LINE" missed="1" covered="0"/><counter type="COMPLEXITY" missed="1" covered="0"/><counter type="METHOD" missed="1" covered="0"/></method><method name="deleteAsync" desc="(Ljava/util/function/Function;Lorg/springframework/core/ParameterizedTypeReference;)Ljava/util/concurrent/CompletableFuture;" line="299"><counter type="INSTRUCTION" missed="10" covered="0"/><counter type="LINE" missed="1" covered="0"/><counter type="COMPLEXITY" missed="1" covered="0"/><counter type="METHOD" missed="1" covered="0"/></method><method name="patch" desc="(Ljava/util/function/Function;Ljava/lang/Object;Ljava/lang/Class;)Ljava/lang/Object;" line="304"><counter type="INSTRUCTION" missed="12" covered="0"/><counter type="LINE" missed="2" covered="0"/><counter type="COMPLEXITY" missed="1" covered="0"/><counter type="METHOD" missed="1" covered="0"/></method><method name="patch" desc="(Ljava/util/function/Function;Ljava/lang/Class;)Ljava/lang/Object;" line="309"><counter type="INSTRUCTION" missed="12" covered="0"/><counter type="LINE" missed="1" covered="0"/><counter type="COMPLEXITY" missed="1" covered="0"/><counter type="METHOD" missed="1" covered="0"/></method><method name="patch" desc="(Ljava/util/function/Function;Ljava/lang/Object;Lorg/springframework/core/ParameterizedTypeReference;)Ljava/lang/Object;" line="316"><counter type="INSTRUCTION" missed="12" covered="0"/><counter type="LINE" missed="2" covered="0"/><counter type="COMPLEXITY" missed="1" covered="0"/><counter type="METHOD" missed="1" covered="0"/></method><method name="patchAsync" desc="(Ljava/util/function/Function;Ljava/lang/Object;Ljava/lang/Class;)Ljava/util/concurrent/CompletableFuture;" line="322"><counter type="INSTRUCTION" missed="12" covered="0"/><counter type="LINE" missed="1" covered="0"/><counter type="COMPLEXITY" missed="1" covered="0"/><counter type="METHOD" missed="1" covered="0"/></method><method name="patchAsync" desc="(Ljava/util/function/Function;Ljava/lang/Object;Lorg/springframework/core/ParameterizedTypeReference;)Ljava/util/concurrent/CompletableFuture;" line="329"><counter type="INSTRUCTION" missed="12" covered="0"/><counter type="LINE" missed="2" covered="0"/><counter type="COMPLEXITY" missed="1" covered="0"/><counter type="METHOD" missed="1" covered="0"/></method><method name="error4xxHandling" desc="(Lorg/springframework/web/reactive/function/client/ClientResponse;)Lreactor/core/publisher/Mono;" line="334"><counter type="INSTRUCTION" missed="8" covered="0"/><counter type="LINE" missed="1" covered="0"/><counter type="COMPLEXITY" missed="1" covered="0"/><counter type="METHOD" missed="1" covered="0"/></method><method name="error4xxHandling" desc="(Ljava/lang/String;)Lreactor/core/publisher/Mono;" line="338"><counter type="INSTRUCTION" missed="101" covered="0"/><counter type="BRANCH" missed="8" covered="0"/><counter type="LINE" missed="22" covered="0"/><counter type="COMPLEXITY" missed="5" covered="0"/><counter type="METHOD" missed="1" covered="0"/></method><method name="error5xxHandling" desc="(Lorg/springframework/web/reactive/function/client/ClientResponse;)Lreactor/core/publisher/Mono;" line="371"><counter type="INSTRUCTION" missed="6" covered="0"/><counter type="LINE" missed="1" covered="0"/><counter type="COMPLEXITY" missed="1" covered="0"/><counter type="METHOD" missed="1" covered="0"/></method><method name="invoke" desc="(Ljava/lang/Object;Ljava/lang/reflect/Method;[Ljava/lang/Object;)Ljava/lang/Object;" line="377"><counter type="INSTRUCTION" missed="67" covered="0"/><counter type="BRANCH" missed="10" covered="0"/><counter type="LINE" missed="19" covered="0"/><counter type="COMPLEXITY" missed="6" covered="0"/><counter type="METHOD" missed="1" covered="0"/></method><method name="createExceptionProxy" desc="(Ljava/lang/Class;)Ljava/lang/Object;" line="405"><counter type="INSTRUCTION" missed="12" covered="0"/><counter type="LINE" missed="2" covered="0"/><counter type="COMPLEXITY" missed="1" covered="0"/><counter type="METHOD" missed="1" covered="0"/></method><counter type="INSTRUCTION" missed="641" covered="0"/><counter type="BRANCH" missed="20" covered="0"/><counter type="LINE" missed="134" covered="0"/><counter type="COMPLEXITY" missed="54" covered="0"/><counter type="METHOD" missed="44" covered="0"/><counter type="CLASS" missed="1" covered="0"/></class><sourcefile name="RemoteServiceUnavailableException.java"><line nr="23" mi="3" ci="0" mb="0" cb="0"/><line nr="24" mi="1" ci="0" mb="0" cb="0"/><counter type="INSTRUCTION" missed="4" covered="0"/><counter type="LINE" missed="2" covered="0"/><counter type="COMPLEXITY" missed="1" covered="0"/><counter type="METHOD" missed="1" covered="0"/><counter type="CLASS" missed="1" covered="0"/></sourcefile><sourcefile name="AsyncOrdersService.java"/><sourcefile name="DeliveryMethodServiceProxy.java"><line nr="35" mi="3" ci="0" mb="0" cb="0"/><line nr="36" mi="1" ci="0" mb="0" cb="0"/><line nr="39" mi="5" ci="0" mb="0" cb="0"/><line nr="40" mi="1" ci="0" mb="0" cb="0"/><line nr="45" mi="5" ci="0" mb="0" cb="0"/><line nr="46" mi="3" ci="0" mb="0" cb="0"/><line nr="47" mi="3" ci="0" mb="0" cb="0"/><line nr="48" mi="3" ci="0" mb="0" cb="0"/><line nr="49" mi="8" ci="0" mb="0" cb="0"/><line nr="51" mi="4" ci="0" mb="0" cb="0"/><line nr="52" mi="8" ci="0" mb="0" cb="0"/><line nr="53" mi="10" ci="0" mb="0" cb="0"/><line nr="54" mi="10" ci="0" mb="0" cb="0"/><line nr="55" mi="1" ci="0" mb="0" cb="0"/><line nr="56" mi="7" ci="0" mb="0" cb="0"/><line nr="57" mi="1" ci="0" mb="0" cb="0"/><line nr="58" mi="2" ci="0" mb="0" cb="0"/><line nr="59" mi="1" ci="0" mb="0" cb="0"/><line nr="60" mi="2" ci="0" mb="0" cb="0"/><counter type="INSTRUCTION" missed="78" covered="0"/><counter type="LINE" missed="19" covered="0"/><counter type="COMPLEXITY" missed="5" covered="0"/><counter type="METHOD" missed="5" covered="0"/><counter type="CLASS" missed="2" covered="0"/></sourcefile><sourcefile name="RemoteMethodArgumentNotValidException.java"><line nr="38" mi="5" ci="0" mb="0" cb="0"/><line nr="41" mi="2" ci="0" mb="0" cb="0"/><line nr="42" mi="1" ci="0" mb="0" cb="0"/><line nr="45" mi="5" ci="0" mb="0" cb="0"/><line nr="46" mi="1" ci="0" mb="0" cb="0"/><line nr="49" mi="4" ci="0" mb="0" cb="0"/><counter type="INSTRUCTION" missed="18" covered="0"/><counter type="LINE" missed="6" covered="0"/><counter type="COMPLEXITY" missed="3" covered="0"/><counter type="METHOD" missed="3" covered="0"/><counter type="CLASS" missed="1" covered="0"/></sourcefile><sourcefile name="PaymentMethodServiceProxy.java"><line nr="34" mi="3" ci="0" mb="0" cb="0"/><line nr="35" mi="1" ci="0" mb="0" cb="0"/><line nr="38" mi="5" ci="0" mb="0" cb="0"/><line nr="39" mi="1" ci="0" mb="0" cb="0"/><line nr="43" mi="5" ci="0" mb="0" cb="0"/><line nr="44" mi="3" ci="0" mb="0" cb="0"/><line nr="45" mi="3" ci="0" mb="0" cb="0"/><line nr="46" mi="3" ci="0" mb="0" cb="0"/><line nr="47" mi="8" ci="0" mb="0" cb="0"/><line nr="49" mi="4" ci="0" mb="0" cb="0"/><line nr="50" mi="8" ci="0" mb="0" cb="0"/><line nr="51" mi="10" ci="0" mb="0" cb="0"/><line nr="52" mi="10" ci="0" mb="0" cb="0"/><line nr="53" mi="1" ci="0" mb="0" cb="0"/><line nr="54" mi="7" ci="0" mb="0" cb="0"/><line nr="55" mi="1" ci="0" mb="0" cb="0"/><line nr="56" mi="2" ci="0" mb="0" cb="0"/><line nr="57" mi="1" ci="0" mb="0" cb="0"/><line nr="58" mi="2" ci="0" mb="0" cb="0"/><counter type="INSTRUCTION" missed="78" covered="0"/><counter type="LINE" missed="19" covered="0"/><counter type="COMPLEXITY" missed="5" covered="0"/><counter type="METHOD" missed="5" covered="0"/><counter type="CLASS" missed="2" covered="0"/></sourcefile><sourcefile name="CartsServiceProxy.java"><line nr="30" mi="3" ci="0" mb="0" cb="0"/><line nr="31" mi="1" ci="0" mb="0" cb="0"/><line nr="34" mi="5" ci="0" mb="0" cb="0"/><line nr="35" mi="1" ci="0" mb="0" cb="0"/><line nr="39" mi="7" ci="0" mb="0" cb="0"/><line nr="40" mi="7" ci="0" mb="0" cb="0"/><counter type="INSTRUCTION" missed="24" covered="0"/><counter type="LINE" missed="6" covered="0"/><counter type="COMPLEXITY" missed="4" covered="0"/><counter type="METHOD" missed="4" covered="0"/><counter type="CLASS" missed="1" covered="0"/></sourcefile><sourcefile name="OrdersServiceProxy.java"><line nr="38" mi="3" ci="0" mb="0" cb="0"/><line nr="39" mi="1" ci="0" mb="0" cb="0"/><line nr="42" mi="5" ci="0" mb="0" cb="0"/><line nr="43" mi="1" ci="0" mb="0" cb="0"/><line nr="48" mi="3" ci="0" mb="0" cb="0"/><line nr="49" mi="4" ci="0" mb="0" cb="0"/><line nr="50" mi="7" ci="0" mb="0" cb="0"/><line nr="51" mi="3" ci="0" mb="0" cb="0"/><line nr="56" mi="8" ci="0" mb="0" cb="0"/><line nr="64" mi="9" ci="0" mb="0" cb="0"/><line nr="66" mi="3" ci="0" mb="0" cb="0"/><line nr="67" mi="3" ci="0" mb="0" cb="0"/><line nr="68" mi="4" ci="0" mb="0" cb="0"/><line nr="69" mi="4" ci="0" mb="0" cb="0"/><line nr="70" mi="8" ci="0" mb="0" cb="0"/><line nr="71" mi="10" ci="0" mb="0" cb="0"/><line nr="72" mi="22" ci="0" mb="0" cb="0"/><line nr="73" mi="1" ci="0" mb="0" cb="0"/><line nr="81" mi="5" ci="0" mb="0" cb="0"/><line nr="82" mi="4" ci="0" mb="0" cb="0"/><line nr="83" mi="4" ci="0" mb="0" cb="0"/><line nr="84" mi="4" ci="0" mb="0" cb="0"/><line nr="85" mi="4" ci="0" mb="0" cb="0"/><line nr="86" mi="8" ci="0" mb="0" cb="0"/><line nr="87" mi="1" ci="0" mb="0" cb="0"/><line nr="93" mi="10" ci="0" mb="0" cb="0"/><line nr="99" mi="9" ci="0" mb="0" cb="0"/><line nr="107" mi="8" ci="0" mb="0" cb="0"/><line nr="109" mi="4" ci="0" mb="0" cb="0"/><line nr="110" mi="7" ci="0" mb="0" cb="0"/><line nr="111" mi="3" ci="0" mb="0" cb="0"/><line nr="119" mi="3" ci="0" mb="0" cb="0"/><line nr="120" mi="4" ci="0" mb="0" cb="0"/><line nr="121" mi="8" ci="0" mb="0" cb="0"/><line nr="122" mi="1" ci="0" mb="0" cb="0"/><line nr="127" mi="8" ci="0" mb="0" cb="0"/><counter type="INSTRUCTION" missed="194" covered="0"/><counter type="LINE" missed="36" covered="0"/><counter type="COMPLEXITY" missed="16" covered="0"/><counter type="METHOD" missed="16" covered="0"/><counter type="CLASS" missed="1" covered="0"/></sourcefile><sourcefile name="MiddlewareProxy.java"><line nr="57" mi="12" ci="0" mb="0" cb="0"/><line nr="60" mi="10" ci="0" mb="0" cb="0"/><line nr="62" mi="2" ci="0" mb="0" cb="0"/><line nr="63" mi="3" ci="0" mb="0" cb="0"/><line nr="64" mi="1" ci="0" mb="0" cb="0"/><line nr="66" mi="2" ci="0" mb="0" cb="0"/><line nr="67" mi="1" ci="0" mb="0" cb="0"/><line nr="68" mi="2" ci="0" mb="0" cb="0"/><line nr="69" mi="3" ci="0" mb="0" cb="0"/><line nr="70" mi="1" ci="0" mb="0" cb="0"/><line nr="72" mi="4" ci="0" mb="0" cb="0"/><line nr="73" mi="2" ci="0" mb="0" cb="0"/><line nr="74" mi="1" ci="0" mb="0" cb="0"/><line nr="77" mi="3" ci="0" mb="0" cb="0"/><line nr="81" mi="9" ci="0" mb="0" cb="0"/><line nr="82" mi="7" ci="0" mb="0" cb="0"/><line nr="83" mi="1" ci="0" mb="0" cb="0"/><line nr="84" mi="4" ci="0" mb="0" cb="0"/><line nr="85" mi="4" ci="0" mb="0" cb="0"/><line nr="86" mi="1" ci="0" mb="0" cb="0"/><line nr="90" mi="5" ci="0" mb="0" cb="0"/><line nr="91" mi="1" ci="0" mb="0" cb="0"/><line nr="92" mi="1" ci="0" mb="0" cb="0"/><line nr="97" mi="5" ci="0" mb="0" cb="0"/><line nr="98" mi="1" ci="0" mb="0" cb="0"/><line nr="99" mi="1" ci="0" mb="0" cb="0"/><line nr="103" mi="5" ci="0" mb="0" cb="0"/><line nr="104" mi="1" ci="0" mb="0" cb="0"/><line nr="105" mi="1" ci="0" mb="0" cb="0"/><line nr="110" mi="5" ci="0" mb="0" cb="0"/><line nr="111" mi="1" ci="0" mb="0" cb="0"/><line nr="112" mi="1" ci="0" mb="0" cb="0"/><line nr="116" mi="12" ci="0" mb="0" cb="0"/><line nr="121" mi="4" ci="0" mb="0" cb="0"/><line nr="122" mi="2" ci="0" mb="0" cb="0"/><line nr="123" mi="2" ci="0" mb="2" cb="0"/><line nr="124" mi="7" ci="0" mb="0" cb="0"/><line nr="126" mi="3" ci="0" mb="0" cb="0"/><line nr="128" mi="5" ci="0" mb="0" cb="0"/><line nr="129" mi="4" ci="0" mb="0" cb="0"/><line nr="130" mi="1" ci="0" mb="0" cb="0"/><line nr="135" mi="6" ci="0" mb="0" cb="0"/><line nr="136" mi="1" ci="0" mb="0" cb="0"/><line nr="137" mi="1" ci="0" mb="0" cb="0"/><line nr="142" mi="6" ci="0" mb="0" cb="0"/><line nr="143" mi="1" ci="0" mb="0" cb="0"/><line nr="144" mi="1" ci="0" mb="0" cb="0"/><line nr="149" mi="6" ci="0" mb="0" cb="0"/><line nr="150" mi="1" ci="0" mb="0" cb="0"/><line nr="151" mi="1" ci="0" mb="0" cb="0"/><line nr="156" mi="6" ci="0" mb="0" cb="0"/><line nr="157" mi="1" ci="0" mb="0" cb="0"/><line nr="158" mi="1" ci="0" mb="0" cb="0"/><line nr="163" mi="6" ci="0" mb="0" cb="0"/><line nr="164" mi="1" ci="0" mb="0" cb="0"/><line nr="165" mi="1" ci="0" mb="0" cb="0"/><line nr="170" mi="6" ci="0" mb="0" cb="0"/><line nr="171" mi="1" ci="0" mb="0" cb="0"/><line nr="172" mi="1" ci="0" mb="0" cb="0"/><line nr="176" mi="10" ci="0" mb="0" cb="0"/><line nr="181" mi="10" ci="0" mb="0" cb="0"/><line nr="186" mi="6" ci="0" mb="0" cb="0"/><line nr="187" mi="6" ci="0" mb="0" cb="0"/><line nr="190" mi="5" ci="0" mb="0" cb="0"/><line nr="191" mi="6" ci="0" mb="0" cb="0"/><line nr="195" mi="3" ci="0" mb="0" cb="0"/><line nr="196" mi="6" ci="0" mb="0" cb="0"/><line nr="197" mi="2" ci="0" mb="0" cb="0"/><line nr="202" mi="2" ci="0" mb="0" cb="0"/><line nr="207" mi="2" ci="0" mb="0" cb="0"/><line nr="210" mi="2" ci="0" mb="0" cb="0"/><line nr="213" mi="6" ci="0" mb="0" cb="0"/><line nr="218" mi="10" ci="0" mb="0" cb="0"/><line nr="223" mi="10" ci="0" mb="0" cb="0"/><line nr="228" mi="5" ci="0" mb="0" cb="0"/><line nr="229" mi="3" ci="0" mb="0" cb="0"/><line nr="230" mi="5" ci="0" mb="0" cb="0"/><line nr="235" mi="12" ci="0" mb="0" cb="0"/><line nr="242" mi="3" ci="0" mb="0" cb="0"/><line nr="243" mi="9" ci="0" mb="0" cb="0"/><line nr="248" mi="12" ci="0" mb="0" cb="0"/><line nr="255" mi="11" ci="0" mb="0" cb="0"/><line nr="256" mi="1" ci="0" mb="0" cb="0"/><line nr="261" mi="12" ci="0" mb="0" cb="0"/><line nr="268" mi="12" ci="0" mb="0" cb="0"/><line nr="273" mi="12" ci="0" mb="0" cb="0"/><line nr="280" mi="12" ci="0" mb="0" cb="0"/><line nr="284" mi="10" ci="0" mb="0" cb="0"/><line nr="289" mi="10" ci="0" mb="0" cb="0"/><line nr="294" mi="10" ci="0" mb="0" cb="0"/><line nr="299" mi="10" ci="0" mb="0" cb="0"/><line nr="304" mi="3" ci="0" mb="0" cb="0"/><line nr="305" mi="9" ci="0" mb="0" cb="0"/><line nr="309" mi="12" ci="0" mb="0" cb="0"/><line nr="316" mi="3" ci="0" mb="0" cb="0"/><line nr="317" mi="9" ci="0" mb="0" cb="0"/><line nr="322" mi="12" ci="0" mb="0" cb="0"/><line nr="329" mi="11" ci="0" mb="0" cb="0"/><line nr="330" mi="1" ci="0" mb="0" cb="0"/><line nr="334" mi="8" ci="0" mb="0" cb="0"/><line nr="338" mi="7" ci="0" mb="0" cb="0"/><line nr="339" mi="6" ci="0" mb="2" cb="0"/><line nr="340" mi="4" ci="0" mb="0" cb="0"/><line nr="341" mi="7" ci="0" mb="0" cb="0"/><line nr="342" mi="4" ci="0" mb="2" cb="0"/><line nr="343" mi="5" ci="0" mb="0" cb="0"/><line nr="344" mi="3" ci="0" mb="2" cb="0"/><line nr="345" mi="9" ci="0" mb="2" cb="0"/><line nr="346" mi="5" ci="0" mb="0" cb="0"/><line nr="347" mi="4" ci="0" mb="0" cb="0"/><line nr="348" mi="3" ci="0" mb="0" cb="0"/><line nr="349" mi="3" ci="0" mb="0" cb="0"/><line nr="350" mi="1" ci="0" mb="0" cb="0"/><line nr="353" mi="3" ci="0" mb="0" cb="0"/><line nr="356" mi="4" ci="0" mb="0" cb="0"/><line nr="357" mi="7" ci="0" mb="0" cb="0"/><line nr="358" mi="11" ci="0" mb="0" cb="0"/><line nr="359" mi="3" ci="0" mb="0" cb="0"/><line nr="360" mi="1" ci="0" mb="0" cb="0"/><line nr="361" mi="7" ci="0" mb="0" cb="0"/><line nr="362" mi="1" ci="0" mb="0" cb="0"/><line nr="366" mi="3" ci="0" mb="0" cb="0"/><line nr="371" mi="6" ci="0" mb="0" cb="0"/><line nr="377" mi="5" ci="0" mb="0" cb="0"/><line nr="378" mi="1" ci="0" mb="0" cb="0"/><line nr="379" mi="3" ci="0" mb="0" cb="0"/><line nr="380" mi="5" ci="0" mb="2" cb="0"/><line nr="381" mi="5" ci="0" mb="0" cb="0"/><line nr="383" mi="4" ci="0" mb="2" cb="0"/><line nr="384" mi="1" ci="0" mb="0" cb="0"/><line nr="385" mi="2" ci="0" mb="0" cb="0"/><line nr="387" mi="5" ci="0" mb="2" cb="0"/><line nr="388" mi="3" ci="0" mb="0" cb="0"/><line nr="389" mi="3" ci="0" mb="0" cb="0"/><line nr="390" mi="8" ci="0" mb="2" cb="0"/><line nr="391" mi="7" ci="0" mb="2" cb="0"/><line nr="392" mi="2" ci="0" mb="0" cb="0"/><line nr="395" mi="2" ci="0" mb="0" cb="0"/><line nr="397" mi="2" ci="0" mb="0" cb="0"/><line nr="398" mi="1" ci="0" mb="0" cb="0"/><line nr="399" mi="6" ci="0" mb="0" cb="0"/><line nr="400" mi="2" ci="0" mb="0" cb="0"/><line nr="405" mi="2" ci="0" mb="0" cb="0"/><line nr="406" mi="10" ci="0" mb="0" cb="0"/><counter type="INSTRUCTION" missed="678" covered="0"/><counter type="BRANCH" missed="20" covered="0"/><counter type="LINE" missed="144" covered="0"/><counter type="COMPLEXITY" missed="61" covered="0"/><counter type="METHOD" missed="51" covered="0"/><counter type="CLASS" missed="4" covered="0"/></sourcefile><counter type="INSTRUCTION" missed="1074" covered="0"/><counter type="BRANCH" missed="20" covered="0"/><counter type="LINE" missed="232" covered="0"/><counter type="COMPLEXITY" missed="95" covered="0"/><counter type="METHOD" missed="85" covered="0"/><counter type="CLASS" missed="12" covered="0"/></package><counter type="INSTRUCTION" missed="1074" covered="0"/><counter type="BRANCH" missed="20" covered="0"/><counter type="LINE" missed="232" covered="0"/><counter type="COMPLEXITY" missed="95" covered="0"/><counter type="METHOD" missed="85" covered="0"/><counter type="CLASS" missed="12" covered="0"/></group><counter type="INSTRUCTION" missed="6664" covered="4"/><counter type="BRANCH" missed="362" covered="0"/><counter type="LINE" missed="1672" covered="1"/><counter type="COMPLEXITY" missed="680" covered="1"/><counter type="METHOD" missed="499" covered="1"/><counter type="CLASS" missed="99" covered="1"/></report>